<?xml version="1.0" encoding="UTF-8"?>
<coverage generated="1601781794">
  <project timestamp="1601781794">
    <package name="Vanilla\Dashboard\Models">
      <file name="/home/blueworrybear/projects/vallina/vanilla/applications/dashboard/models/BannerImageModel.php">
        <class name="Vanilla\Dashboard\Models\BannerImageModel" namespace="Vanilla\Dashboard\Models">
          <metrics complexity="16" methods="6" coveredmethods="1" conditionals="0" coveredconditionals="0" statements="44" coveredstatements="10" elements="50" coveredelements="11"/>
        </class>
        <line num="36" type="method" name="__construct" visibility="public" complexity="1" crap="1" count="44"/>
        <line num="37" type="stmt" count="44"/>
        <line num="38" type="stmt" count="44"/>
        <line num="39" type="stmt" count="44"/>
        <line num="48" type="method" name="renderBanner" visibility="public" complexity="4" crap="20" count="0"/>
        <line num="49" type="stmt" count="0"/>
        <line num="51" type="stmt" count="0"/>
        <line num="52" type="stmt" count="0"/>
        <line num="53" type="stmt" count="0"/>
        <line num="55" type="stmt" count="0"/>
        <line num="57" type="stmt" count="0"/>
        <line num="59" type="stmt" count="0"/>
        <line num="60" type="stmt" count="0"/>
        <line num="64" type="stmt" count="0"/>
        <line num="66" type="stmt" count="0"/>
        <line num="67" type="stmt" count="0"/>
        <line num="68" type="stmt" count="0"/>
        <line num="69" type="stmt" count="0"/>
        <line num="70" type="stmt" count="0"/>
        <line num="72" type="stmt" count="0"/>
        <line num="76" type="stmt" count="0"/>
        <line num="77" type="stmt" count="0"/>
        <line num="78" type="stmt" count="0"/>
        <line num="79" type="stmt" count="0"/>
        <line num="82" type="stmt" count="0"/>
        <line num="95" type="method" name="getBannerImageSlug" visibility="public" complexity="6" crap="19.85" count="44"/>
        <line num="96" type="stmt" count="44"/>
        <line num="97" type="stmt" count="44"/>
        <line num="98" type="stmt" count="44"/>
        <line num="101" type="stmt" count="0"/>
        <line num="102" type="stmt" count="0"/>
        <line num="104" type="stmt" count="0"/>
        <line num="105" type="stmt" count="0"/>
        <line num="106" type="stmt" count="0"/>
        <line num="107" type="stmt" count="0"/>
        <line num="109" type="stmt" count="0"/>
        <line num="112" type="stmt" count="0"/>
        <line num="120" type="method" name="getCurrentBannerImageLink" visibility="public" complexity="3" crap="3.33" count="44"/>
        <line num="121" type="stmt" count="44"/>
        <line num="122" type="stmt" count="44"/>
        <line num="123" type="stmt" count="44"/>
        <line num="125" type="stmt" count="0"/>
        <line num="126" type="stmt" count="0"/>
        <line num="129" type="stmt" count="44"/>
        <line num="138" type="method" name="getHeroImageSlug" visibility="public" complexity="1" crap="2" count="0"/>
        <line num="139" type="stmt" count="0"/>
        <line num="140" type="stmt" count="0"/>
        <line num="149" type="method" name="getCurrentHeroImageLink" visibility="public" complexity="1" crap="2" count="0"/>
        <line num="150" type="stmt" count="0"/>
        <line num="151" type="stmt" count="0"/>
        <line num="156" type="stmt" count="1"/>
        <metrics loc="156" ncloc="100" classes="1" methods="6" coveredmethods="1" conditionals="0" coveredconditionals="0" statements="45" coveredstatements="11" elements="51" coveredelements="12"/>
      </file>
    </package>
    <file name="/home/blueworrybear/projects/vallina/vanilla/applications/vanilla/models/class.categorymodel.php">
      <class name="CategoryModel" namespace="global">
        <metrics complexity="591" methods="117" coveredmethods="0" conditionals="0" coveredconditionals="0" statements="1649" coveredstatements="0" elements="1766" coveredelements="0"/>
      </class>
      <line num="102" type="method" name="__construct" visibility="public" complexity="1" crap="2" count="0"/>
      <line num="103" type="stmt" count="0"/>
      <line num="104" type="stmt" count="0"/>
      <line num="105" type="stmt" count="0"/>
      <line num="106" type="stmt" count="0"/>
      <line num="113" type="method" name="instance" visibility="public" complexity="2" crap="6" count="0"/>
      <line num="114" type="stmt" count="0"/>
      <line num="115" type="stmt" count="0"/>
      <line num="117" type="stmt" count="0"/>
      <line num="129" type="method" name="allowedDiscussionTypes" visibility="public" complexity="3" crap="12" count="0"/>
      <line num="130" type="stmt" count="0"/>
      <line num="131" type="stmt" count="0"/>
      <line num="132" type="stmt" count="0"/>
      <line num="133" type="stmt" count="0"/>
      <line num="134" type="stmt" count="0"/>
      <line num="136" type="stmt" count="0"/>
      <line num="138" type="stmt" count="0"/>
      <line num="139" type="stmt" count="0"/>
      <line num="140" type="stmt" count="0"/>
      <line num="141" type="stmt" count="0"/>
      <line num="143" type="stmt" count="0"/>
      <line num="149" type="method" name="loadAllCategories" visibility="private" complexity="9" crap="90" count="0"/>
      <line num="151" type="stmt" count="0"/>
      <line num="152" type="stmt" count="0"/>
      <line num="156" type="stmt" count="0"/>
      <line num="158" type="stmt" count="0"/>
      <line num="159" type="stmt" count="0"/>
      <line num="160" type="stmt" count="0"/>
      <line num="162" type="stmt" count="0"/>
      <line num="164" type="stmt" count="0"/>
      <line num="166" type="stmt" count="0"/>
      <line num="168" type="stmt" count="0"/>
      <line num="169" type="stmt" count="0"/>
      <line num="170" type="stmt" count="0"/>
      <line num="172" type="stmt" count="0"/>
      <line num="175" type="stmt" count="0"/>
      <line num="176" type="stmt" count="0"/>
      <line num="181" type="stmt" count="0"/>
      <line num="182" type="stmt" count="0"/>
      <line num="184" type="stmt" count="0"/>
      <line num="192" type="method" name="calculateUser" visibility="private" complexity="15" crap="240" count="0"/>
      <line num="194" type="stmt" count="0"/>
      <line num="196" type="stmt" count="0"/>
      <line num="197" type="stmt" count="0"/>
      <line num="198" type="stmt" count="0"/>
      <line num="202" type="stmt" count="0"/>
      <line num="203" type="stmt" count="0"/>
      <line num="206" type="stmt" count="0"/>
      <line num="207" type="stmt" count="0"/>
      <line num="208" type="stmt" count="0"/>
      <line num="209" type="stmt" count="0"/>
      <line num="211" type="stmt" count="0"/>
      <line num="212" type="stmt" count="0"/>
      <line num="213" type="stmt" count="0"/>
      <line num="215" type="stmt" count="0"/>
      <line num="216" type="stmt" count="0"/>
      <line num="218" type="stmt" count="0"/>
      <line num="219" type="stmt" count="0"/>
      <line num="220" type="stmt" count="0"/>
      <line num="221" type="stmt" count="0"/>
      <line num="223" type="stmt" count="0"/>
      <line num="224" type="stmt" count="0"/>
      <line num="226" type="stmt" count="0"/>
      <line num="227" type="stmt" count="0"/>
      <line num="230" type="stmt" count="0"/>
      <line num="232" type="stmt" count="0"/>
      <line num="236" type="stmt" count="0"/>
      <line num="237" type="stmt" count="0"/>
      <line num="239" type="stmt" count="0"/>
      <line num="242" type="stmt" count="0"/>
      <line num="243" type="stmt" count="0"/>
      <line num="244" type="stmt" count="0"/>
      <line num="245" type="stmt" count="0"/>
      <line num="246" type="stmt" count="0"/>
      <line num="248" type="stmt" count="0"/>
      <line num="251" type="stmt" count="0"/>
      <line num="254" type="stmt" count="0"/>
      <line num="266" type="method" name="getSearchCategoryIDs" visibility="public" complexity="10" crap="110" count="0"/>
      <line num="272" type="stmt" count="0"/>
      <line num="273" type="stmt" count="0"/>
      <line num="274" type="stmt" count="0"/>
      <line num="277" type="stmt" count="0"/>
      <line num="278" type="stmt" count="0"/>
      <line num="279" type="stmt" count="0"/>
      <line num="281" type="stmt" count="0"/>
      <line num="283" type="stmt" count="0"/>
      <line num="285" type="stmt" count="0"/>
      <line num="286" type="stmt" count="0"/>
      <line num="289" type="stmt" count="0"/>
      <line num="291" type="stmt" count="0"/>
      <line num="292" type="stmt" count="0"/>
      <line num="293" type="stmt" count="0"/>
      <line num="294" type="stmt" count="0"/>
      <line num="295" type="stmt" count="0"/>
      <line num="297" type="stmt" count="0"/>
      <line num="299" type="stmt" count="0"/>
      <line num="302" type="stmt" count="0"/>
      <line num="304" type="stmt" count="0"/>
      <line num="307" type="stmt" count="0"/>
      <line num="316" type="method" name="getUserCategories" visibility="private" complexity="4" crap="20" count="0"/>
      <line num="317" type="stmt" count="0"/>
      <line num="318" type="stmt" count="0"/>
      <line num="321" type="stmt" count="0"/>
      <line num="322" type="stmt" count="0"/>
      <line num="323" type="stmt" count="0"/>
      <line num="324" type="stmt" count="0"/>
      <line num="325" type="stmt" count="0"/>
      <line num="326" type="stmt" count="0"/>
      <line num="328" type="stmt" count="0"/>
      <line num="329" type="stmt" count="0"/>
      <line num="330" type="stmt" count="0"/>
      <line num="331" type="stmt" count="0"/>
      <line num="333" type="stmt" count="0"/>
      <line num="335" type="stmt" count="0"/>
      <line num="336" type="stmt" count="0"/>
      <line num="345" type="method" name="loadAllCategoriesDb" visibility="protected" complexity="1" crap="2" count="0"/>
      <line num="346" type="stmt" count="0"/>
      <line num="347" type="stmt" count="0"/>
      <line num="349" type="stmt" count="0"/>
      <line num="350" type="stmt" count="0"/>
      <line num="353" type="stmt" count="0"/>
      <line num="355" type="stmt" count="0"/>
      <line num="356" type="stmt" count="0"/>
      <line num="358" type="stmt" count="0"/>
      <line num="360" type="stmt" count="0"/>
      <line num="368" type="method" name="getMaxPages" visibility="public" complexity="2" crap="6" count="0"/>
      <line num="369" type="stmt" count="0"/>
      <line num="370" type="stmt" count="0"/>
      <line num="378" type="method" name="getRootDisplayAs" visibility="public" complexity="1" crap="2" count="0"/>
      <line num="379" type="stmt" count="0"/>
      <line num="388" type="method" name="getFollowed" visibility="public" complexity="2" crap="6" count="0"/>
      <line num="389" type="stmt" count="0"/>
      <line num="390" type="stmt" count="0"/>
      <line num="391" type="stmt" count="0"/>
      <line num="392" type="stmt" count="0"/>
      <line num="393" type="stmt" count="0"/>
      <line num="395" type="stmt" count="0"/>
      <line num="396" type="stmt" count="0"/>
      <line num="397" type="stmt" count="0"/>
      <line num="398" type="stmt" count="0"/>
      <line num="399" type="stmt" count="0"/>
      <line num="400" type="stmt" count="0"/>
      <line num="403" type="stmt" count="0"/>
      <line num="414" type="method" name="follow" visibility="public" complexity="8" crap="72" count="0"/>
      <line num="415" type="stmt" count="0"/>
      <line num="418" type="stmt" count="0"/>
      <line num="419" type="stmt" count="0"/>
      <line num="421" type="stmt" count="0"/>
      <line num="422" type="stmt" count="0"/>
      <line num="425" type="stmt" count="0"/>
      <line num="426" type="stmt" count="0"/>
      <line num="427" type="stmt" count="0"/>
      <line num="429" type="stmt" count="0"/>
      <line num="431" type="stmt" count="0"/>
      <line num="432" type="stmt" count="0"/>
      <line num="433" type="stmt" count="0"/>
      <line num="434" type="stmt" count="0"/>
      <line num="435" type="stmt" count="0"/>
      <line num="438" type="stmt" count="0"/>
      <line num="439" type="stmt" count="0"/>
      <line num="440" type="stmt" count="0"/>
      <line num="441" type="stmt" count="0"/>
      <line num="443" type="stmt" count="0"/>
      <line num="444" type="stmt" count="0"/>
      <line num="446" type="stmt" count="0"/>
      <line num="447" type="stmt" count="0"/>
      <line num="455" type="method" name="followingEnabled" visibility="public" complexity="1" crap="2" count="0"/>
      <line num="456" type="stmt" count="0"/>
      <line num="457" type="stmt" count="0"/>
      <line num="465" type="method" name="getMaxFollowedCategories" visibility="public" complexity="1" crap="2" count="0"/>
      <line num="466" type="stmt" count="0"/>
      <line num="467" type="stmt" count="0"/>
      <line num="476" type="method" name="isFollowed" visibility="public" complexity="1" crap="2" count="0"/>
      <line num="477" type="stmt" count="0"/>
      <line num="478" type="stmt" count="0"/>
      <line num="480" type="stmt" count="0"/>
      <line num="490" type="method" name="categoryWatch" visibility="public" complexity="7" crap="56" count="0"/>
      <line num="491" type="stmt" count="0"/>
      <line num="492" type="stmt" count="0"/>
      <line num="493" type="stmt" count="0"/>
      <line num="495" type="stmt" count="0"/>
      <line num="497" type="stmt" count="0"/>
      <line num="498" type="stmt" count="0"/>
      <line num="499" type="stmt" count="0"/>
      <line num="502" type="stmt" count="0"/>
      <line num="503" type="stmt" count="0"/>
      <line num="507" type="stmt" count="0"/>
      <line num="508" type="stmt" count="0"/>
      <line num="510" type="stmt" count="0"/>
      <line num="511" type="stmt" count="0"/>
      <line num="514" type="stmt" count="0"/>
      <line num="524" type="method" name="getVisibleCategories" visibility="public" complexity="7" crap="56" count="0"/>
      <line num="525" type="stmt" count="0"/>
      <line num="526" type="stmt" count="0"/>
      <line num="527" type="stmt" count="0"/>
      <line num="530" type="stmt" count="0"/>
      <line num="532" type="stmt" count="0"/>
      <line num="533" type="stmt" count="0"/>
      <line num="534" type="stmt" count="0"/>
      <line num="535" type="stmt" count="0"/>
      <line num="538" type="stmt" count="0"/>
      <line num="539" type="stmt" count="0"/>
      <line num="540" type="stmt" count="0"/>
      <line num="541" type="stmt" count="0"/>
      <line num="545" type="stmt" count="0"/>
      <line num="546" type="stmt" count="0"/>
      <line num="550" type="stmt" count="0"/>
      <line num="552" type="stmt" count="0"/>
      <line num="562" type="method" name="getVisibleCategoryIDs" visibility="public" complexity="2" crap="6" count="0"/>
      <line num="563" type="stmt" count="0"/>
      <line num="564" type="stmt" count="0"/>
      <line num="565" type="stmt" count="0"/>
      <line num="566" type="stmt" count="0"/>
      <line num="570" type="stmt" count="0"/>
      <line num="573" type="stmt" count="0"/>
      <line num="575" type="stmt" count="0"/>
      <line num="586" type="method" name="categories" visibility="public" complexity="12" crap="156" count="0"/>
      <line num="587" type="stmt" count="0"/>
      <line num="588" type="stmt" count="0"/>
      <line num="589" type="stmt" count="0"/>
      <line num="592" type="stmt" count="0"/>
      <line num="593" type="stmt" count="0"/>
      <line num="595" type="stmt" count="0"/>
      <line num="596" type="stmt" count="0"/>
      <line num="600" type="stmt" count="0"/>
      <line num="601" type="stmt" count="0"/>
      <line num="602" type="stmt" count="0"/>
      <line num="603" type="stmt" count="0"/>
      <line num="604" type="stmt" count="0"/>
      <line num="605" type="stmt" count="0"/>
      <line num="606" type="stmt" count="0"/>
      <line num="611" type="stmt" count="0"/>
      <line num="612" type="stmt" count="0"/>
      <line num="613" type="stmt" count="0"/>
      <line num="615" type="stmt" count="0"/>
      <line num="618" type="stmt" count="0"/>
      <line num="619" type="stmt" count="0"/>
      <line num="632" type="method" name="rebuildLock" visibility="protected" complexity="3" crap="12" count="0"/>
      <line num="633" type="stmt" count="0"/>
      <line num="634" type="stmt" count="0"/>
      <line num="635" type="stmt" count="0"/>
      <line num="636" type="stmt" count="0"/>
      <line num="638" type="stmt" count="0"/>
      <line num="640" type="stmt" count="0"/>
      <line num="641" type="stmt" count="0"/>
      <line num="642" type="stmt" count="0"/>
      <line num="645" type="stmt" count="0"/>
      <line num="647" type="stmt" count="0"/>
      <line num="656" type="method" name="buildCache" visibility="protected" complexity="1" crap="2" count="0"/>
      <line num="657" type="stmt" count="0"/>
      <line num="658" type="stmt" count="0"/>
      <line num="660" type="stmt" count="0"/>
      <line num="661" type="stmt" count="0"/>
      <line num="662" type="stmt" count="0"/>
      <line num="663" type="stmt" count="0"/>
      <line num="665" type="stmt" count="0"/>
      <line num="666" type="stmt" count="0"/>
      <line num="668" type="stmt" count="0"/>
      <line num="675" type="method" name="calculate" visibility="private" complexity="5" crap="30" count="0"/>
      <line num="676" type="stmt" count="0"/>
      <line num="678" type="stmt" count="0"/>
      <line num="679" type="stmt" count="0"/>
      <line num="681" type="stmt" count="0"/>
      <line num="684" type="stmt" count="0"/>
      <line num="686" type="stmt" count="0"/>
      <line num="687" type="stmt" count="0"/>
      <line num="690" type="stmt" count="0"/>
      <line num="691" type="stmt" count="0"/>
      <line num="693" type="stmt" count="0"/>
      <line num="704" type="method" name="calculateDisplayAs" visibility="public" complexity="6" crap="42" count="0"/>
      <line num="705" type="stmt" count="0"/>
      <line num="706" type="stmt" count="0"/>
      <line num="707" type="stmt" count="0"/>
      <line num="709" type="stmt" count="0"/>
      <line num="710" type="stmt" count="0"/>
      <line num="711" type="stmt" count="0"/>
      <line num="713" type="stmt" count="0"/>
      <line num="715" type="stmt" count="0"/>
      <line num="718" type="stmt" count="0"/>
      <line num="729" type="method" name="setStopHeadingsCalculation" visibility="public" complexity="1" crap="2" count="0"/>
      <line num="730" type="stmt" count="0"/>
      <line num="731" type="stmt" count="0"/>
      <line num="741" type="method" name="calculateData" visibility="private" complexity="8" crap="72" count="0"/>
      <line num="742" type="stmt" count="0"/>
      <line num="743" type="stmt" count="0"/>
      <line num="746" type="stmt" count="0"/>
      <line num="747" type="stmt" count="0"/>
      <line num="748" type="stmt" count="0"/>
      <line num="749" type="stmt" count="0"/>
      <line num="751" type="stmt" count="0"/>
      <line num="752" type="stmt" count="0"/>
      <line num="753" type="stmt" count="0"/>
      <line num="755" type="stmt" count="0"/>
      <line num="756" type="stmt" count="0"/>
      <line num="758" type="stmt" count="0"/>
      <line num="759" type="stmt" count="0"/>
      <line num="761" type="stmt" count="0"/>
      <line num="764" type="stmt" count="0"/>
      <line num="769" type="method" name="clearCache" visibility="public" complexity="1" crap="2" count="0"/>
      <line num="770" type="stmt" count="0"/>
      <line num="771" type="stmt" count="0"/>
      <line num="772" type="stmt" count="0"/>
      <line num="779" type="method" name="clearUserCache" visibility="public" complexity="2" crap="6" count="0"/>
      <line num="780" type="stmt" count="0"/>
      <line num="781" type="stmt" count="0"/>
      <line num="784" type="stmt" count="0"/>
      <line num="785" type="stmt" count="0"/>
      <line num="786" type="stmt" count="0"/>
      <line num="792" type="method" name="counts" visibility="public" complexity="15" crap="240" count="0"/>
      <line num="793" type="stmt" count="0"/>
      <line num="794" type="stmt" count="0"/>
      <line num="795" type="stmt" count="0"/>
      <line num="796" type="stmt" count="0"/>
      <line num="797" type="stmt" count="0"/>
      <line num="798" type="stmt" count="0"/>
      <line num="799" type="stmt" count="0"/>
      <line num="800" type="stmt" count="0"/>
      <line num="801" type="stmt" count="0"/>
      <line num="802" type="stmt" count="0"/>
      <line num="803" type="stmt" count="0"/>
      <line num="804" type="stmt" count="0"/>
      <line num="805" type="stmt" count="0"/>
      <line num="806" type="stmt" count="0"/>
      <line num="807" type="stmt" count="0"/>
      <line num="808" type="stmt" count="0"/>
      <line num="809" type="stmt" count="0"/>
      <line num="810" type="stmt" count="0"/>
      <line num="811" type="stmt" count="0"/>
      <line num="812" type="stmt" count="0"/>
      <line num="813" type="stmt" count="0"/>
      <line num="814" type="stmt" count="0"/>
      <line num="815" type="stmt" count="0"/>
      <line num="816" type="stmt" count="0"/>
      <line num="817" type="stmt" count="0"/>
      <line num="820" type="stmt" count="0"/>
      <line num="823" type="stmt" count="0"/>
      <line num="824" type="stmt" count="0"/>
      <line num="825" type="stmt" count="0"/>
      <line num="826" type="stmt" count="0"/>
      <line num="828" type="stmt" count="0"/>
      <line num="829" type="stmt" count="0"/>
      <line num="831" type="stmt" count="0"/>
      <line num="832" type="stmt" count="0"/>
      <line num="833" type="stmt" count="0"/>
      <line num="834" type="stmt" count="0"/>
      <line num="835" type="stmt" count="0"/>
      <line num="837" type="stmt" count="0"/>
      <line num="839" type="stmt" count="0"/>
      <line num="840" type="stmt" count="0"/>
      <line num="841" type="stmt" count="0"/>
      <line num="843" type="stmt" count="0"/>
      <line num="845" type="stmt" count="0"/>
      <line num="846" type="stmt" count="0"/>
      <line num="848" type="stmt" count="0"/>
      <line num="851" type="stmt" count="0"/>
      <line num="855" type="stmt" count="0"/>
      <line num="856" type="stmt" count="0"/>
      <line num="859" type="stmt" count="0"/>
      <line num="861" type="stmt" count="0"/>
      <line num="862" type="stmt" count="0"/>
      <line num="863" type="stmt" count="0"/>
      <line num="864" type="stmt" count="0"/>
      <line num="865" type="stmt" count="0"/>
      <line num="866" type="stmt" count="0"/>
      <line num="867" type="stmt" count="0"/>
      <line num="868" type="stmt" count="0"/>
      <line num="869" type="stmt" count="0"/>
      <line num="870" type="stmt" count="0"/>
      <line num="872" type="stmt" count="0"/>
      <line num="873" type="stmt" count="0"/>
      <line num="874" type="stmt" count="0"/>
      <line num="876" type="stmt" count="0"/>
      <line num="877" type="stmt" count="0"/>
      <line num="878" type="stmt" count="0"/>
      <line num="881" type="stmt" count="0"/>
      <line num="882" type="stmt" count="0"/>
      <line num="885" type="stmt" count="0"/>
      <line num="886" type="stmt" count="0"/>
      <line num="888" type="stmt" count="0"/>
      <line num="890" type="stmt" count="0"/>
      <line num="891" type="stmt" count="0"/>
      <line num="899" type="method" name="defaultCategory" visibility="public" complexity="3" crap="12" count="0"/>
      <line num="900" type="stmt" count="0"/>
      <line num="901" type="stmt" count="0"/>
      <line num="902" type="stmt" count="0"/>
      <line num="905" type="stmt" count="0"/>
      <line num="910" type="method" name="getRootCategoryForDisplay" visibility="public" complexity="2" crap="6" count="0"/>
      <line num="911" type="stmt" count="0"/>
      <line num="912" type="stmt" count="0"/>
      <line num="913" type="stmt" count="0"/>
      <line num="914" type="stmt" count="0"/>
      <line num="915" type="stmt" count="0"/>
      <line num="916" type="stmt" count="0"/>
      <line num="925" type="method" name="expandCategories" visibility="public" complexity="7" crap="56" count="0"/>
      <line num="926" type="stmt" count="0"/>
      <line num="928" type="stmt" count="0"/>
      <line num="931" type="stmt" count="0"/>
      <line num="932" type="stmt" count="0"/>
      <line num="935" type="stmt" count="0"/>
      <line num="936" type="stmt" count="0"/>
      <line num="937" type="stmt" count="0"/>
      <line num="938" type="stmt" count="0"/>
      <line num="939" type="stmt" count="0"/>
      <line num="940" type="stmt" count="0"/>
      <line num="941" type="stmt" count="0"/>
      <line num="944" type="stmt" count="0"/>
      <line num="947" type="stmt" count="0"/>
      <line num="948" type="stmt" count="0"/>
      <line num="950" type="stmt" count="0"/>
      <line num="951" type="stmt" count="0"/>
      <line num="954" type="stmt" count="0"/>
      <line num="962" type="method" name="filterCategoryPermissions" visibility="public" complexity="2" crap="6" count="0"/>
      <line num="963" type="stmt" count="0"/>
      <line num="965" type="stmt" count="0"/>
      <line num="966" type="stmt" count="0"/>
      <line num="968" type="stmt" count="0"/>
      <line num="970" type="stmt" count="0"/>
      <line num="982" type="method" name="checkPermission" visibility="public" complexity="4" crap="20" count="0"/>
      <line num="983" type="stmt" count="0"/>
      <line num="984" type="stmt" count="0"/>
      <line num="986" type="stmt" count="0"/>
      <line num="987" type="stmt" count="0"/>
      <line num="988" type="stmt" count="0"/>
      <line num="990" type="stmt" count="0"/>
      <line num="991" type="stmt" count="0"/>
      <line num="994" type="stmt" count="0"/>
      <line num="995" type="stmt" count="0"/>
      <line num="997" type="stmt" count="0"/>
      <line num="1005" type="method" name="getChildren" visibility="public" complexity="1" crap="2" count="0"/>
      <line num="1006" type="stmt" count="0"/>
      <line num="1007" type="stmt" count="0"/>
      <line num="1016" type="method" name="castID" visibility="private" complexity="3" crap="12" count="0"/>
      <line num="1017" type="stmt" count="0"/>
      <line num="1018" type="stmt" count="0"/>
      <line num="1019" type="stmt" count="0"/>
      <line num="1020" type="stmt" count="0"/>
      <line num="1022" type="stmt" count="0"/>
      <line num="1033" type="method" name="getChildTree" visibility="public" complexity="2" crap="6" count="0"/>
      <line num="1034" type="stmt" count="0"/>
      <line num="1036" type="stmt" count="0"/>
      <line num="1037" type="stmt" count="0"/>
      <line num="1040" type="stmt" count="0"/>
      <line num="1041" type="stmt" count="0"/>
      <line num="1050" type="method" name="displayAsIconName" visibility="private" complexity="5" crap="30" count="0"/>
      <line num="1051" type="stmt" count="0"/>
      <line num="1052" type="stmt" count="0"/>
      <line num="1053" type="stmt" count="0"/>
      <line num="1054" type="stmt" count="0"/>
      <line num="1055" type="stmt" count="0"/>
      <line num="1056" type="stmt" count="0"/>
      <line num="1057" type="stmt" count="0"/>
      <line num="1058" type="stmt" count="0"/>
      <line num="1060" type="stmt" count="0"/>
      <line num="1070" type="method" name="getCategoryDropdown" visibility="public" complexity="4" crap="20" count="0"/>
      <line num="1072" type="stmt" count="0"/>
      <line num="1074" type="stmt" count="0"/>
      <line num="1075" type="stmt" count="0"/>
      <line num="1076" type="stmt" count="0"/>
      <line num="1077" type="stmt" count="0"/>
      <line num="1079" type="stmt" count="0"/>
      <line num="1080" type="stmt" count="0"/>
      <line num="1081" type="stmt" count="0"/>
      <line num="1082" type="stmt" count="0"/>
      <line num="1084" type="stmt" count="0"/>
      <line num="1085" type="stmt" count="0"/>
      <line num="1086" type="stmt" count="0"/>
      <line num="1088" type="stmt" count="0"/>
      <line num="1089" type="stmt" count="0"/>
      <line num="1090" type="stmt" count="0"/>
      <line num="1091" type="stmt" count="0"/>
      <line num="1092" type="stmt" count="0"/>
      <line num="1093" type="stmt" count="0"/>
      <line num="1094" type="stmt" count="0"/>
      <line num="1095" type="stmt" count="0"/>
      <line num="1099" type="stmt" count="0"/>
      <line num="1100" type="stmt" count="0"/>
      <line num="1101" type="stmt" count="0"/>
      <line num="1102" type="stmt" count="0"/>
      <line num="1103" type="stmt" count="0"/>
      <line num="1106" type="stmt" count="0"/>
      <line num="1107" type="stmt" count="0"/>
      <line num="1108" type="stmt" count="0"/>
      <line num="1109" type="stmt" count="0"/>
      <line num="1110" type="stmt" count="0"/>
      <line num="1111" type="stmt" count="0"/>
      <line num="1112" type="stmt" count="0"/>
      <line num="1116" type="stmt" count="0"/>
      <line num="1126" type="method" name="getTree" visibility="public" complexity="1" crap="2" count="0"/>
      <line num="1127" type="stmt" count="0"/>
      <line num="1128" type="stmt" count="0"/>
      <line num="1139" type="method" name="getCategoryDescendantIDs" visibility="public" complexity="1" crap="2" count="0"/>
      <line num="1140" type="stmt" count="0"/>
      <line num="1141" type="stmt" count="0"/>
      <line num="1154" type="method" name="getTreeAsFlat" visibility="public" complexity="2" crap="6" count="0"/>
      <line num="1155" type="stmt" count="0"/>
      <line num="1156" type="stmt" count="0"/>
      <line num="1157" type="stmt" count="0"/>
      <line num="1158" type="stmt" count="0"/>
      <line num="1159" type="stmt" count="0"/>
      <line num="1160" type="stmt" count="0"/>
      <line num="1162" type="stmt" count="0"/>
      <line num="1163" type="stmt" count="0"/>
      <line num="1166" type="stmt" count="0"/>
      <line num="1167" type="stmt" count="0"/>
      <line num="1169" type="stmt" count="0"/>
      <line num="1178" type="method" name="filterChildren" visibility="public" complexity="4" crap="20" count="0"/>
      <line num="1179" type="stmt" count="0"/>
      <line num="1180" type="stmt" count="0"/>
      <line num="1181" type="stmt" count="0"/>
      <line num="1182" type="stmt" count="0"/>
      <line num="1183" type="stmt" count="0"/>
      <line num="1184" type="stmt" count="0"/>
      <line num="1187" type="stmt" count="0"/>
      <line num="1195" type="method" name="filterFollowing" visibility="public" complexity="4" crap="20" count="0"/>
      <line num="1196" type="stmt" count="0"/>
      <line num="1197" type="stmt" count="0"/>
      <line num="1198" type="stmt" count="0"/>
      <line num="1199" type="stmt" count="0"/>
      <line num="1200" type="stmt" count="0"/>
      <line num="1202" type="stmt" count="0"/>
      <line num="1205" type="stmt" count="0"/>
      <line num="1214" type="method" name="flattenCategories" visibility="public" complexity="2" crap="6" count="0"/>
      <line num="1215" type="stmt" count="0"/>
      <line num="1216" type="stmt" count="0"/>
      <line num="1218" type="stmt" count="0"/>
      <line num="1220" type="stmt" count="0"/>
      <line num="1223" type="stmt" count="0"/>
      <line num="1226" type="stmt" count="0"/>
      <line num="1238" type="method" name="getByPermission" visibility="public" complexity="14" crap="210" count="0"/>
      <line num="1239" type="stmt" count="0"/>
      <line num="1240" type="stmt" count="0"/>
      <line num="1241" type="stmt" count="0"/>
      <line num="1243" type="stmt" count="0"/>
      <line num="1244" type="stmt" count="0"/>
      <line num="1245" type="stmt" count="0"/>
      <line num="1246" type="stmt" count="0"/>
      <line num="1247" type="stmt" count="0"/>
      <line num="1250" type="stmt" count="0"/>
      <line num="1251" type="stmt" count="0"/>
      <line num="1252" type="stmt" count="0"/>
      <line num="1255" type="stmt" count="0"/>
      <line num="1256" type="stmt" count="0"/>
      <line num="1257" type="stmt" count="0"/>
      <line num="1258" type="stmt" count="0"/>
      <line num="1259" type="stmt" count="0"/>
      <line num="1263" type="stmt" count="0"/>
      <line num="1264" type="stmt" count="0"/>
      <line num="1265" type="stmt" count="0"/>
      <line num="1266" type="stmt" count="0"/>
      <line num="1267" type="stmt" count="0"/>
      <line num="1270" type="stmt" count="0"/>
      <line num="1272" type="stmt" count="0"/>
      <line num="1276" type="stmt" count="0"/>
      <line num="1277" type="stmt" count="0"/>
      <line num="1280" type="stmt" count="0"/>
      <line num="1281" type="stmt" count="0"/>
      <line num="1282" type="stmt" count="0"/>
      <line num="1284" type="stmt" count="0"/>
      <line num="1289" type="stmt" count="0"/>
      <line num="1291" type="stmt" count="0"/>
      <line num="1301" type="method" name="where" visibility="public" complexity="12" crap="156" count="0"/>
      <line num="1302" type="stmt" count="0"/>
      <line num="1303" type="stmt" count="0"/>
      <line num="1306" type="stmt" count="0"/>
      <line num="1307" type="stmt" count="0"/>
      <line num="1310" type="stmt" count="0"/>
      <line num="1311" type="stmt" count="0"/>
      <line num="1314" type="stmt" count="0"/>
      <line num="1315" type="stmt" count="0"/>
      <line num="1317" type="stmt" count="0"/>
      <line num="1318" type="stmt" count="0"/>
      <line num="1320" type="stmt" count="0"/>
      <line num="1321" type="stmt" count="0"/>
      <line num="1323" type="stmt" count="0"/>
      <line num="1324" type="stmt" count="0"/>
      <line num="1325" type="stmt" count="0"/>
      <line num="1328" type="stmt" count="0"/>
      <line num="1329" type="stmt" count="0"/>
      <line num="1334" type="stmt" count="0"/>
      <line num="1346" type="method" name="givePoints" visibility="public" complexity="3" crap="12" count="0"/>
      <line num="1348" type="stmt" count="0"/>
      <line num="1349" type="stmt" count="0"/>
      <line num="1350" type="stmt" count="0"/>
      <line num="1351" type="stmt" count="0"/>
      <line num="1353" type="stmt" count="0"/>
      <line num="1357" type="stmt" count="0"/>
      <line num="1358" type="stmt" count="0"/>
      <line num="1368" type="method" name="joinCategories" visibility="public" complexity="6" crap="42" count="0"/>
      <line num="1369" type="stmt" count="0"/>
      <line num="1371" type="stmt" count="0"/>
      <line num="1372" type="stmt" count="0"/>
      <line num="1374" type="stmt" count="0"/>
      <line num="1377" type="stmt" count="0"/>
      <line num="1378" type="stmt" count="0"/>
      <line num="1379" type="stmt" count="0"/>
      <line num="1380" type="stmt" count="0"/>
      <line num="1381" type="stmt" count="0"/>
      <line num="1382" type="stmt" count="0"/>
      <line num="1385" type="stmt" count="0"/>
      <line num="1386" type="stmt" count="0"/>
      <line num="1388" type="stmt" count="0"/>
      <line num="1391" type="stmt" count="0"/>
      <line num="1394" type="stmt" count="0"/>
      <line num="1402" type="method" name="gatherLastIDs" visibility="private" complexity="4" crap="20" count="0"/>
      <line num="1403" type="stmt" count="0"/>
      <line num="1404" type="stmt" count="0"/>
      <line num="1407" type="stmt" count="0"/>
      <line num="1408" type="stmt" count="0"/>
      <line num="1409" type="stmt" count="0"/>
      <line num="1410" type="stmt" count="0"/>
      <line num="1413" type="stmt" count="0"/>
      <line num="1414" type="stmt" count="0"/>
      <line num="1417" type="stmt" count="0"/>
      <line num="1424" type="method" name="incrementLastDiscussion" visibility="public" complexity="4" crap="20" count="0"/>
      <line num="1426" type="stmt" count="0"/>
      <line num="1427" type="stmt" count="0"/>
      <line num="1429" type="stmt" count="0"/>
      <line num="1430" type="stmt" count="0"/>
      <line num="1432" type="stmt" count="0"/>
      <line num="1434" type="stmt" count="0"/>
      <line num="1435" type="stmt" count="0"/>
      <line num="1436" type="stmt" count="0"/>
      <line num="1437" type="stmt" count="0"/>
      <line num="1440" type="stmt" count="0"/>
      <line num="1441" type="stmt" count="0"/>
      <line num="1444" type="stmt" count="0"/>
      <line num="1445" type="stmt" count="0"/>
      <line num="1446" type="stmt" count="0"/>
      <line num="1450" type="stmt" count="0"/>
      <line num="1453" type="stmt" count="0"/>
      <line num="1456" type="stmt" count="0"/>
      <line num="1457" type="stmt" count="0"/>
      <line num="1464" type="method" name="incrementLastComment" visibility="public" complexity="8" crap="72" count="0"/>
      <line num="1465" type="stmt" count="0"/>
      <line num="1466" type="stmt" count="0"/>
      <line num="1468" type="stmt" count="0"/>
      <line num="1469" type="stmt" count="0"/>
      <line num="1471" type="stmt" count="0"/>
      <line num="1472" type="stmt" count="0"/>
      <line num="1475" type="stmt" count="0"/>
      <line num="1476" type="stmt" count="0"/>
      <line num="1477" type="stmt" count="0"/>
      <line num="1479" type="stmt" count="0"/>
      <line num="1482" type="stmt" count="0"/>
      <line num="1483" type="stmt" count="0"/>
      <line num="1484" type="stmt" count="0"/>
      <line num="1488" type="stmt" count="0"/>
      <line num="1489" type="stmt" count="0"/>
      <line num="1490" type="stmt" count="0"/>
      <line num="1492" type="stmt" count="0"/>
      <line num="1493" type="stmt" count="0"/>
      <line num="1494" type="stmt" count="0"/>
      <line num="1495" type="stmt" count="0"/>
      <line num="1496" type="stmt" count="0"/>
      <line num="1497" type="stmt" count="0"/>
      <line num="1498" type="stmt" count="0"/>
      <line num="1501" type="stmt" count="0"/>
      <line num="1505" type="stmt" count="0"/>
      <line num="1506" type="stmt" count="0"/>
      <line num="1507" type="stmt" count="0"/>
      <line num="1508" type="stmt" count="0"/>
      <line num="1509" type="stmt" count="0"/>
      <line num="1513" type="stmt" count="0"/>
      <line num="1516" type="stmt" count="0"/>
      <line num="1519" type="stmt" count="0"/>
      <line num="1520" type="stmt" count="0"/>
      <line num="1528" type="method" name="updateLastPost" visibility="public" complexity="5" crap="30" count="0"/>
      <line num="1530" type="stmt" count="0"/>
      <line num="1531" type="stmt" count="0"/>
      <line num="1533" type="stmt" count="0"/>
      <line num="1534" type="stmt" count="0"/>
      <line num="1536" type="stmt" count="0"/>
      <line num="1537" type="stmt" count="0"/>
      <line num="1540" type="stmt" count="0"/>
      <line num="1541" type="stmt" count="0"/>
      <line num="1545" type="stmt" count="0"/>
      <line num="1546" type="stmt" count="0"/>
      <line num="1548" type="stmt" count="0"/>
      <line num="1549" type="stmt" count="0"/>
      <line num="1550" type="stmt" count="0"/>
      <line num="1551" type="stmt" count="0"/>
      <line num="1552" type="stmt" count="0"/>
      <line num="1554" type="stmt" count="0"/>
      <line num="1563" type="method" name="postCacheFields" visibility="private" complexity="3" crap="12" count="0"/>
      <line num="1565" type="stmt" count="0"/>
      <line num="1571" type="stmt" count="0"/>
      <line num="1573" type="stmt" count="0"/>
      <line num="1574" type="stmt" count="0"/>
      <line num="1575" type="stmt" count="0"/>
      <line num="1576" type="stmt" count="0"/>
      <line num="1579" type="stmt" count="0"/>
      <line num="1580" type="stmt" count="0"/>
      <line num="1584" type="stmt" count="0"/>
      <line num="1594" type="method" name="postDBFields" visibility="private" complexity="3" crap="12" count="0"/>
      <line num="1596" type="stmt" count="0"/>
      <line num="1601" type="stmt" count="0"/>
      <line num="1602" type="stmt" count="0"/>
      <line num="1603" type="stmt" count="0"/>
      <line num="1604" type="stmt" count="0"/>
      <line num="1607" type="stmt" count="0"/>
      <line num="1608" type="stmt" count="0"/>
      <line num="1609" type="stmt" count="0"/>
      <line num="1613" type="stmt" count="0"/>
      <line num="1621" type="method" name="joinRecent" visibility="public" complexity="8" crap="72" count="0"/>
      <line num="1623" type="stmt" count="0"/>
      <line num="1624" type="stmt" count="0"/>
      <line num="1625" type="stmt" count="0"/>
      <line num="1627" type="stmt" count="0"/>
      <line num="1628" type="stmt" count="0"/>
      <line num="1629" type="stmt" count="0"/>
      <line num="1631" type="stmt" count="0"/>
      <line num="1634" type="stmt" count="0"/>
      <line num="1635" type="stmt" count="0"/>
      <line num="1636" type="stmt" count="0"/>
      <line num="1638" type="stmt" count="0"/>
      <line num="1641" type="stmt" count="0"/>
      <line num="1642" type="stmt" count="0"/>
      <line num="1643" type="stmt" count="0"/>
      <line num="1644" type="stmt" count="0"/>
      <line num="1645" type="stmt" count="0"/>
      <line num="1646" type="stmt" count="0"/>
      <line num="1650" type="stmt" count="0"/>
      <line num="1652" type="stmt" count="0"/>
      <line num="1653" type="stmt" count="0"/>
      <line num="1662" type="method" name="joinRecentInternal" visibility="private" complexity="7" crap="56" count="0"/>
      <line num="1663" type="stmt" count="0"/>
      <line num="1664" type="stmt" count="0"/>
      <line num="1665" type="stmt" count="0"/>
      <line num="1667" type="stmt" count="0"/>
      <line num="1668" type="stmt" count="0"/>
      <line num="1669" type="stmt" count="0"/>
      <line num="1670" type="stmt" count="0"/>
      <line num="1673" type="stmt" count="0"/>
      <line num="1674" type="stmt" count="0"/>
      <line num="1675" type="stmt" count="0"/>
      <line num="1676" type="stmt" count="0"/>
      <line num="1678" type="stmt" count="0"/>
      <line num="1679" type="stmt" count="0"/>
      <line num="1681" type="stmt" count="0"/>
      <line num="1682" type="stmt" count="0"/>
      <line num="1683" type="stmt" count="0"/>
      <line num="1686" type="stmt" count="0"/>
      <line num="1687" type="stmt" count="0"/>
      <line num="1690" type="stmt" count="0"/>
      <line num="1699" type="method" name="joinRecentPosts" visibility="public" complexity="16" crap="272" count="0"/>
      <line num="1700" type="stmt" count="0"/>
      <line num="1701" type="stmt" count="0"/>
      <line num="1702" type="stmt" count="0"/>
      <line num="1704" type="stmt" count="0"/>
      <line num="1705" type="stmt" count="0"/>
      <line num="1706" type="stmt" count="0"/>
      <line num="1709" type="stmt" count="0"/>
      <line num="1710" type="stmt" count="0"/>
      <line num="1713" type="stmt" count="0"/>
      <line num="1714" type="stmt" count="0"/>
      <line num="1717" type="stmt" count="0"/>
      <line num="1718" type="stmt" count="0"/>
      <line num="1720" type="stmt" count="0"/>
      <line num="1724" type="stmt" count="0"/>
      <line num="1725" type="stmt" count="0"/>
      <line num="1727" type="stmt" count="0"/>
      <line num="1730" type="stmt" count="0"/>
      <line num="1731" type="stmt" count="0"/>
      <line num="1732" type="stmt" count="0"/>
      <line num="1735" type="stmt" count="0"/>
      <line num="1736" type="stmt" count="0"/>
      <line num="1737" type="stmt" count="0"/>
      <line num="1740" type="stmt" count="0"/>
      <line num="1741" type="stmt" count="0"/>
      <line num="1742" type="stmt" count="0"/>
      <line num="1745" type="stmt" count="0"/>
      <line num="1746" type="stmt" count="0"/>
      <line num="1747" type="stmt" count="0"/>
      <line num="1748" type="stmt" count="0"/>
      <line num="1749" type="stmt" count="0"/>
      <line num="1750" type="stmt" count="0"/>
      <line num="1751" type="stmt" count="0"/>
      <line num="1753" type="stmt" count="0"/>
      <line num="1754" type="stmt" count="0"/>
      <line num="1755" type="stmt" count="0"/>
      <line num="1756" type="stmt" count="0"/>
      <line num="1758" type="stmt" count="0"/>
      <line num="1761" type="stmt" count="0"/>
      <line num="1762" type="stmt" count="0"/>
      <line num="1763" type="stmt" count="0"/>
      <line num="1764" type="stmt" count="0"/>
      <line num="1765" type="stmt" count="0"/>
      <line num="1767" type="stmt" count="0"/>
      <line num="1776" type="method" name="joinRecentChildPosts" visibility="public" complexity="11" crap="132" count="0"/>
      <line num="1777" type="stmt" count="0"/>
      <line num="1778" type="stmt" count="0"/>
      <line num="1781" type="stmt" count="0"/>
      <line num="1782" type="stmt" count="0"/>
      <line num="1785" type="stmt" count="0"/>
      <line num="1786" type="stmt" count="0"/>
      <line num="1789" type="stmt" count="0"/>
      <line num="1790" type="stmt" count="0"/>
      <line num="1792" type="stmt" count="0"/>
      <line num="1794" type="stmt" count="0"/>
      <line num="1795" type="stmt" count="0"/>
      <line num="1796" type="stmt" count="0"/>
      <line num="1799" type="stmt" count="0"/>
      <line num="1800" type="stmt" count="0"/>
      <line num="1801" type="stmt" count="0"/>
      <line num="1803" type="stmt" count="0"/>
      <line num="1805" type="stmt" count="0"/>
      <line num="1806" type="stmt" count="0"/>
      <line num="1807" type="stmt" count="0"/>
      <line num="1811" type="stmt" count="0"/>
      <line num="1812" type="stmt" count="0"/>
      <line num="1814" type="stmt" count="0"/>
      <line num="1815" type="stmt" count="0"/>
      <line num="1816" type="stmt" count="0"/>
      <line num="1817" type="stmt" count="0"/>
      <line num="1818" type="stmt" count="0"/>
      <line num="1819" type="stmt" count="0"/>
      <line num="1820" type="stmt" count="0"/>
      <line num="1821" type="stmt" count="0"/>
      <line num="1828" type="stmt" count="0"/>
      <line num="1842" type="method" name="joinUserData" visibility="public" complexity="12" crap="156" count="0"/>
      <line num="1843" type="stmt" count="0"/>
      <line num="1844" type="stmt" count="0"/>
      <line num="1846" type="stmt" count="0"/>
      <line num="1847" type="stmt" count="0"/>
      <line num="1849" type="stmt" count="0"/>
      <line num="1850" type="stmt" count="0"/>
      <line num="1852" type="stmt" count="0"/>
      <line num="1853" type="stmt" count="0"/>
      <line num="1854" type="stmt" count="0"/>
      <line num="1855" type="stmt" count="0"/>
      <line num="1857" type="stmt" count="0"/>
      <line num="1858" type="stmt" count="0"/>
      <line num="1859" type="stmt" count="0"/>
      <line num="1862" type="stmt" count="0"/>
      <line num="1864" type="stmt" count="0"/>
      <line num="1868" type="stmt" count="0"/>
      <line num="1869" type="stmt" count="0"/>
      <line num="1871" type="stmt" count="0"/>
      <line num="1874" type="stmt" count="0"/>
      <line num="1875" type="stmt" count="0"/>
      <line num="1876" type="stmt" count="0"/>
      <line num="1877" type="stmt" count="0"/>
      <line num="1878" type="stmt" count="0"/>
      <line num="1880" type="stmt" count="0"/>
      <line num="1883" type="stmt" count="0"/>
      <line num="1890" type="stmt" count="0"/>
      <line num="1891" type="stmt" count="0"/>
      <line num="1892" type="stmt" count="0"/>
      <line num="1894" type="stmt" count="0"/>
      <line num="1901" type="method" name="delete" visibility="public" complexity="3" crap="12" count="0"/>
      <line num="1902" type="stmt" count="0"/>
      <line num="1903" type="stmt" count="0"/>
      <line num="1905" type="stmt" count="0"/>
      <line num="1906" type="stmt" count="0"/>
      <line num="1909" type="stmt" count="0"/>
      <line num="1921" type="method" name="deleteID" visibility="public" complexity="1" crap="2" count="0"/>
      <line num="1922" type="stmt" count="0"/>
      <line num="1923" type="stmt" count="0"/>
      <line num="1938" type="method" name="deleteAndReplace" visibility="public" complexity="13" crap="182" count="0"/>
      <line num="1939" type="stmt" count="0"/>
      <line num="1942" type="stmt" count="0"/>
      <line num="1943" type="stmt" count="0"/>
      <line num="1946" type="stmt" count="0"/>
      <line num="1947" type="stmt" count="0"/>
      <line num="1951" type="stmt" count="0"/>
      <line num="1952" type="stmt" count="0"/>
      <line num="1953" type="stmt" count="0"/>
      <line num="1954" type="stmt" count="0"/>
      <line num="1955" type="stmt" count="0"/>
      <line num="1956" type="stmt" count="0"/>
      <line num="1958" type="stmt" count="0"/>
      <line num="1962" type="stmt" count="0"/>
      <line num="1963" type="stmt" count="0"/>
      <line num="1966" type="stmt" count="0"/>
      <line num="1968" type="stmt" count="0"/>
      <line num="1969" type="stmt" count="0"/>
      <line num="1970" type="stmt" count="0"/>
      <line num="1971" type="stmt" count="0"/>
      <line num="1972" type="stmt" count="0"/>
      <line num="1975" type="stmt" count="0"/>
      <line num="1976" type="stmt" count="0"/>
      <line num="1977" type="stmt" count="0"/>
      <line num="1978" type="stmt" count="0"/>
      <line num="1979" type="stmt" count="0"/>
      <line num="1980" type="stmt" count="0"/>
      <line num="1983" type="stmt" count="0"/>
      <line num="1984" type="stmt" count="0"/>
      <line num="1985" type="stmt" count="0"/>
      <line num="1986" type="stmt" count="0"/>
      <line num="1987" type="stmt" count="0"/>
      <line num="1990" type="stmt" count="0"/>
      <line num="1991" type="stmt" count="0"/>
      <line num="1992" type="stmt" count="0"/>
      <line num="1993" type="stmt" count="0"/>
      <line num="1994" type="stmt" count="0"/>
      <line num="1995" type="stmt" count="0"/>
      <line num="1996" type="stmt" count="0"/>
      <line num="1998" type="stmt" count="0"/>
      <line num="1999" type="stmt" count="0"/>
      <line num="2002" type="stmt" count="0"/>
      <line num="2003" type="stmt" count="0"/>
      <line num="2004" type="stmt" count="0"/>
      <line num="2005" type="stmt" count="0"/>
      <line num="2008" type="stmt" count="0"/>
      <line num="2009" type="stmt" count="0"/>
      <line num="2010" type="stmt" count="0"/>
      <line num="2011" type="stmt" count="0"/>
      <line num="2012" type="stmt" count="0"/>
      <line num="2014" type="stmt" count="0"/>
      <line num="2015" type="stmt" count="0"/>
      <line num="2016" type="stmt" count="0"/>
      <line num="2017" type="stmt" count="0"/>
      <line num="2018" type="stmt" count="0"/>
      <line num="2021" type="stmt" count="0"/>
      <line num="2022" type="stmt" count="0"/>
      <line num="2023" type="stmt" count="0"/>
      <line num="2024" type="stmt" count="0"/>
      <line num="2025" type="stmt" count="0"/>
      <line num="2028" type="stmt" count="0"/>
      <line num="2031" type="stmt" count="0"/>
      <line num="2032" type="stmt" count="0"/>
      <line num="2033" type="stmt" count="0"/>
      <line num="2034" type="stmt" count="0"/>
      <line num="2035" type="stmt" count="0"/>
      <line num="2036" type="stmt" count="0"/>
      <line num="2039" type="stmt" count="0"/>
      <line num="2040" type="stmt" count="0"/>
      <line num="2043" type="stmt" count="0"/>
      <line num="2044" type="stmt" count="0"/>
      <line num="2045" type="stmt" count="0"/>
      <line num="2046" type="stmt" count="0"/>
      <line num="2048" type="stmt" count="0"/>
      <line num="2052" type="stmt" count="0"/>
      <line num="2055" type="stmt" count="0"/>
      <line num="2056" type="stmt" count="0"/>
      <line num="2060" type="stmt" count="0"/>
      <line num="2061" type="stmt" count="0"/>
      <line num="2062" type="stmt" count="0"/>
      <line num="2073" type="method" name="getByCode" visibility="public" complexity="1" crap="2" count="0"/>
      <line num="2074" type="stmt" count="0"/>
      <line num="2087" type="method" name="getID" visibility="public" complexity="3" crap="12" count="0"/>
      <line num="2088" type="stmt" count="0"/>
      <line num="2089" type="stmt" count="0"/>
      <line num="2090" type="stmt" count="0"/>
      <line num="2093" type="stmt" count="0"/>
      <line num="2108" type="method" name="get" visibility="public" complexity="1" crap="2" count="0"/>
      <line num="2109" type="stmt" count="0"/>
      <line num="2110" type="stmt" count="0"/>
      <line num="2111" type="stmt" count="0"/>
      <line num="2112" type="stmt" count="0"/>
      <line num="2113" type="stmt" count="0"/>
      <line num="2114" type="stmt" count="0"/>
      <line num="2115" type="stmt" count="0"/>
      <line num="2116" type="stmt" count="0"/>
      <line num="2122" type="stmt" count="0"/>
      <line num="2123" type="stmt" count="0"/>
      <line num="2124" type="stmt" count="0"/>
      <line num="2130" type="method" name="getDisplayAsOptions" visibility="public" complexity="1" crap="2" count="0"/>
      <line num="2131" type="stmt" count="0"/>
      <line num="2139" type="method" name="getOne" visibility="private" complexity="2" crap="6" count="0"/>
      <line num="2140" type="stmt" count="0"/>
      <line num="2141" type="stmt" count="0"/>
      <line num="2144" type="stmt" count="0"/>
      <line num="2145" type="stmt" count="0"/>
      <line num="2155" type="method" name="getAll" visibility="public" complexity="1" crap="2" count="0"/>
      <line num="2156" type="stmt" count="0"/>
      <line num="2157" type="stmt" count="0"/>
      <line num="2158" type="stmt" count="0"/>
      <line num="2159" type="stmt" count="0"/>
      <line num="2160" type="stmt" count="0"/>
      <line num="2162" type="stmt" count="0"/>
      <line num="2163" type="stmt" count="0"/>
      <line num="2169" type="method" name="getDescendantCountByCode" visibility="public" complexity="2" crap="6" count="0"/>
      <line num="2170" type="stmt" count="0"/>
      <line num="2171" type="stmt" count="0"/>
      <line num="2172" type="stmt" count="0"/>
      <line num="2175" type="stmt" count="0"/>
      <line num="2185" type="method" name="getAncestors" visibility="public" complexity="10" crap="110" count="0"/>
      <line num="2186" type="stmt" count="0"/>
      <line num="2188" type="stmt" count="0"/>
      <line num="2190" type="stmt" count="0"/>
      <line num="2191" type="stmt" count="0"/>
      <line num="2195" type="stmt" count="0"/>
      <line num="2196" type="stmt" count="0"/>
      <line num="2197" type="stmt" count="0"/>
      <line num="2199" type="stmt" count="0"/>
      <line num="2200" type="stmt" count="0"/>
      <line num="2202" type="stmt" count="0"/>
      <line num="2204" type="stmt" count="0"/>
      <line num="2205" type="stmt" count="0"/>
      <line num="2208" type="stmt" count="0"/>
      <line num="2209" type="stmt" count="0"/>
      <line num="2210" type="stmt" count="0"/>
      <line num="2214" type="stmt" count="0"/>
      <line num="2215" type="stmt" count="0"/>
      <line num="2217" type="stmt" count="0"/>
      <line num="2220" type="stmt" count="0"/>
      <line num="2221" type="stmt" count="0"/>
      <line num="2224" type="stmt" count="0"/>
      <line num="2225" type="stmt" count="0"/>
      <line num="2236" type="method" name="getDescendantsByCode" visibility="public" complexity="1" crap="2" count="0"/>
      <line num="2237" type="stmt" count="0"/>
      <line num="2240" type="stmt" count="0"/>
      <line num="2241" type="stmt" count="0"/>
      <line num="2242" type="stmt" count="0"/>
      <line num="2243" type="stmt" count="0"/>
      <line num="2244" type="stmt" count="0"/>
      <line num="2245" type="stmt" count="0"/>
      <line num="2246" type="stmt" count="0"/>
      <line num="2255" type="method" name="getRolePermissions" visibility="public" complexity="2" crap="6" count="0"/>
      <line num="2256" type="stmt" count="0"/>
      <line num="2257" type="stmt" count="0"/>
      <line num="2259" type="stmt" count="0"/>
      <line num="2260" type="stmt" count="0"/>
      <line num="2261" type="stmt" count="0"/>
      <line num="2262" type="stmt" count="0"/>
      <line num="2263" type="stmt" count="0"/>
      <line num="2266" type="stmt" count="0"/>
      <line num="2277" type="method" name="getSubtree" visibility="public" complexity="5" crap="30" count="0"/>
      <line num="2278" type="stmt" count="0"/>
      <line num="2279" type="stmt" count="0"/>
      <line num="2280" type="stmt" count="0"/>
      <line num="2283" type="stmt" count="0"/>
      <line num="2284" type="stmt" count="0"/>
      <line num="2286" type="stmt" count="0"/>
      <line num="2287" type="stmt" count="0"/>
      <line num="2290" type="stmt" count="0"/>
      <line num="2291" type="stmt" count="0"/>
      <line num="2292" type="stmt" count="0"/>
      <line num="2294" type="stmt" count="0"/>
      <line num="2295" type="stmt" count="0"/>
      <line num="2296" type="stmt" count="0"/>
      <line num="2299" type="stmt" count="0"/>
      <line num="2301" type="stmt" count="0"/>
      <line num="2304" type="method" name="getFull" visibility="public" complexity="14" crap="210" count="0"/>
      <line num="2307" type="stmt" count="0"/>
      <line num="2310" type="stmt" count="0"/>
      <line num="2311" type="stmt" count="0"/>
      <line num="2314" type="stmt" count="0"/>
      <line num="2315" type="stmt" count="0"/>
      <line num="2318" type="stmt" count="0"/>
      <line num="2319" type="stmt" count="0"/>
      <line num="2320" type="stmt" count="0"/>
      <line num="2321" type="stmt" count="0"/>
      <line num="2322" type="stmt" count="0"/>
      <line num="2323" type="stmt" count="0"/>
      <line num="2324" type="stmt" count="0"/>
      <line num="2326" type="stmt" count="0"/>
      <line num="2327" type="stmt" count="0"/>
      <line num="2330" type="stmt" count="0"/>
      <line num="2331" type="stmt" count="0"/>
      <line num="2332" type="stmt" count="0"/>
      <line num="2333" type="stmt" count="0"/>
      <line num="2334" type="stmt" count="0"/>
      <line num="2335" type="stmt" count="0"/>
      <line num="2336" type="stmt" count="0"/>
      <line num="2337" type="stmt" count="0"/>
      <line num="2341" type="stmt" count="0"/>
      <line num="2342" type="stmt" count="0"/>
      <line num="2343" type="stmt" count="0"/>
      <line num="2348" type="stmt" count="0"/>
      <line num="2349" type="stmt" count="0"/>
      <line num="2352" type="stmt" count="0"/>
      <line num="2353" type="stmt" count="0"/>
      <line num="2354" type="stmt" count="0"/>
      <line num="2365" type="method" name="getFiltered" visibility="public" complexity="13" crap="182" count="0"/>
      <line num="2368" type="stmt" count="0"/>
      <line num="2371" type="stmt" count="0"/>
      <line num="2372" type="stmt" count="0"/>
      <line num="2374" type="stmt" count="0"/>
      <line num="2377" type="stmt" count="0"/>
      <line num="2378" type="stmt" count="0"/>
      <line num="2379" type="stmt" count="0"/>
      <line num="2380" type="stmt" count="0"/>
      <line num="2381" type="stmt" count="0"/>
      <line num="2382" type="stmt" count="0"/>
      <line num="2383" type="stmt" count="0"/>
      <line num="2385" type="stmt" count="0"/>
      <line num="2386" type="stmt" count="0"/>
      <line num="2389" type="stmt" count="0"/>
      <line num="2390" type="stmt" count="0"/>
      <line num="2392" type="stmt" count="0"/>
      <line num="2393" type="stmt" count="0"/>
      <line num="2395" type="stmt" count="0"/>
      <line num="2396" type="stmt" count="0"/>
      <line num="2399" type="stmt" count="0"/>
      <line num="2400" type="stmt" count="0"/>
      <line num="2401" type="stmt" count="0"/>
      <line num="2402" type="stmt" count="0"/>
      <line num="2406" type="stmt" count="0"/>
      <line num="2407" type="stmt" count="0"/>
      <line num="2410" type="stmt" count="0"/>
      <line num="2412" type="stmt" count="0"/>
      <line num="2413" type="stmt" count="0"/>
      <line num="2414" type="stmt" count="0"/>
      <line num="2426" type="method" name="getFullByUrlCode" visibility="public" complexity="3" crap="12" count="0"/>
      <line num="2427" type="stmt" count="0"/>
      <line num="2431" type="stmt" count="0"/>
      <line num="2432" type="stmt" count="0"/>
      <line num="2433" type="stmt" count="0"/>
      <line num="2435" type="stmt" count="0"/>
      <line num="2441" type="method" name="getWhere" visibility="public" complexity="5" crap="30" count="0"/>
      <line num="2442" type="stmt" count="0"/>
      <line num="2443" type="stmt" count="0"/>
      <line num="2446" type="stmt" count="0"/>
      <line num="2447" type="stmt" count="0"/>
      <line num="2448" type="stmt" count="0"/>
      <line num="2449" type="stmt" count="0"/>
      <line num="2451" type="stmt" count="0"/>
      <line num="2452" type="stmt" count="0"/>
      <line num="2454" type="stmt" count="0"/>
      <line num="2457" type="stmt" count="0"/>
      <line num="2460" type="stmt" count="0"/>
      <line num="2461" type="stmt" count="0"/>
      <line num="2467" type="method" name="getCount" visibility="public" complexity="4" crap="20" count="0"/>
      <line num="2468" type="stmt" count="0"/>
      <line num="2469" type="stmt" count="0"/>
      <line num="2470" type="stmt" count="0"/>
      <line num="2471" type="stmt" count="0"/>
      <line num="2473" type="stmt" count="0"/>
      <line num="2474" type="stmt" count="0"/>
      <line num="2476" type="stmt" count="0"/>
      <line num="2479" type="stmt" count="0"/>
      <line num="2482" type="stmt" count="0"/>
      <line num="2491" type="method" name="getWhereCache" visibility="public" complexity="7" crap="56" count="0"/>
      <line num="2492" type="stmt" count="0"/>
      <line num="2494" type="stmt" count="0"/>
      <line num="2495" type="stmt" count="0"/>
      <line num="2496" type="stmt" count="0"/>
      <line num="2497" type="stmt" count="0"/>
      <line num="2499" type="stmt" count="0"/>
      <line num="2500" type="stmt" count="0"/>
      <line num="2501" type="stmt" count="0"/>
      <line num="2504" type="stmt" count="0"/>
      <line num="2505" type="stmt" count="0"/>
      <line num="2509" type="stmt" count="0"/>
      <line num="2521" type="method" name="hasChildren" visibility="public" complexity="2" crap="6" count="0"/>
      <line num="2522" type="stmt" count="0"/>
      <line num="2523" type="stmt" count="0"/>
      <line num="2524" type="stmt" count="0"/>
      <line num="2525" type="stmt" count="0"/>
      <line num="2526" type="stmt" count="0"/>
      <line num="2527" type="stmt" count="0"/>
      <line num="2539" type="method" name="joinModerators" visibility="public" complexity="4" crap="20" count="0"/>
      <line num="2540" type="stmt" count="0"/>
      <line num="2541" type="stmt" count="0"/>
      <line num="2542" type="stmt" count="0"/>
      <line num="2543" type="stmt" count="0"/>
      <line num="2544" type="stmt" count="0"/>
      <line num="2545" type="stmt" count="0"/>
      <line num="2546" type="stmt" count="0"/>
      <line num="2547" type="stmt" count="0"/>
      <line num="2549" type="stmt" count="0"/>
      <line num="2551" type="stmt" count="0"/>
      <line num="2552" type="stmt" count="0"/>
      <line num="2553" type="stmt" count="0"/>
      <line num="2554" type="stmt" count="0"/>
      <line num="2555" type="stmt" count="0"/>
      <line num="2556" type="stmt" count="0"/>
      <line num="2557" type="stmt" count="0"/>
      <line num="2558" type="stmt" count="0"/>
      <line num="2559" type="stmt" count="0"/>
      <line num="2563" type="stmt" count="0"/>
      <line num="2565" type="stmt" count="0"/>
      <line num="2574" type="method" name="makeTree" visibility="public" complexity="6" crap="42" count="0"/>
      <line num="2575" type="stmt" count="0"/>
      <line num="2577" type="stmt" count="0"/>
      <line num="2579" type="stmt" count="0"/>
      <line num="2580" type="stmt" count="0"/>
      <line num="2581" type="stmt" count="0"/>
      <line num="2582" type="stmt" count="0"/>
      <line num="2584" type="stmt" count="0"/>
      <line num="2587" type="stmt" count="0"/>
      <line num="2588" type="stmt" count="0"/>
      <line num="2589" type="stmt" count="0"/>
      <line num="2590" type="stmt" count="0"/>
      <line num="2591" type="stmt" count="0"/>
      <line num="2595" type="stmt" count="0"/>
      <line num="2606" type="method" name="_MakeTreeChildren" visibility="protected" complexity="6" crap="42" count="0"/>
      <line num="2607" type="stmt" count="0"/>
      <line num="2608" type="stmt" count="0"/>
      <line num="2611" type="stmt" count="0"/>
      <line num="2612" type="stmt" count="0"/>
      <line num="2613" type="stmt" count="0"/>
      <line num="2614" type="stmt" count="0"/>
      <line num="2615" type="stmt" count="0"/>
      <line num="2616" type="stmt" count="0"/>
      <line num="2618" type="stmt" count="0"/>
      <line num="2619" type="stmt" count="0"/>
      <line num="2620" type="stmt" count="0"/>
      <line num="2621" type="stmt" count="0"/>
      <line num="2624" type="stmt" count="0"/>
      <line num="2633" type="method" name="permissionCategory" visibility="public" complexity="5" crap="30" count="0"/>
      <line num="2634" type="stmt" count="0"/>
      <line num="2635" type="stmt" count="0"/>
      <line num="2638" type="stmt" count="0"/>
      <line num="2639" type="stmt" count="0"/>
      <line num="2642" type="stmt" count="0"/>
      <line num="2643" type="stmt" count="0"/>
      <line num="2644" type="stmt" count="0"/>
      <line num="2648" type="stmt" count="0"/>
      <line num="2649" type="stmt" count="0"/>
      <line num="2661" type="method" name="rebuildTree" visibility="public" complexity="18" crap="342" count="0"/>
      <line num="2663" type="stmt" count="0"/>
      <line num="2664" type="stmt" count="0"/>
      <line num="2666" type="stmt" count="0"/>
      <line num="2669" type="stmt" count="0"/>
      <line num="2670" type="stmt" count="0"/>
      <line num="2673" type="stmt" count="0"/>
      <line num="2674" type="stmt" count="0"/>
      <line num="2675" type="stmt" count="0"/>
      <line num="2676" type="stmt" count="0"/>
      <line num="2680" type="stmt" count="0"/>
      <line num="2681" type="stmt" count="0"/>
      <line num="2682" type="stmt" count="0"/>
      <line num="2683" type="stmt" count="0"/>
      <line num="2688" type="stmt" count="0"/>
      <line num="2689" type="stmt" count="0"/>
      <line num="2690" type="stmt" count="0"/>
      <line num="2691" type="stmt" count="0"/>
      <line num="2692" type="stmt" count="0"/>
      <line num="2693" type="stmt" count="0"/>
      <line num="2697" type="stmt" count="0"/>
      <line num="2698" type="stmt" count="0"/>
      <line num="2699" type="stmt" count="0"/>
      <line num="2702" type="stmt" count="0"/>
      <line num="2703" type="stmt" count="0"/>
      <line num="2704" type="stmt" count="0"/>
      <line num="2705" type="stmt" count="0"/>
      <line num="2707" type="stmt" count="0"/>
      <line num="2708" type="stmt" count="0"/>
      <line num="2710" type="stmt" count="0"/>
      <line num="2712" type="stmt" count="0"/>
      <line num="2715" type="stmt" count="0"/>
      <line num="2716" type="stmt" count="0"/>
      <line num="2719" type="stmt" count="0"/>
      <line num="2720" type="stmt" count="0"/>
      <line num="2721" type="stmt" count="0"/>
      <line num="2723" type="stmt" count="0"/>
      <line num="2724" type="stmt" count="0"/>
      <line num="2725" type="stmt" count="0"/>
      <line num="2726" type="stmt" count="0"/>
      <line num="2727" type="stmt" count="0"/>
      <line num="2731" type="stmt" count="0"/>
      <line num="2732" type="stmt" count="0"/>
      <line num="2735" type="stmt" count="0"/>
      <line num="2736" type="stmt" count="0"/>
      <line num="2738" type="stmt" count="0"/>
      <line num="2749" type="method" name="_SetTree" visibility="protected" complexity="4" crap="20" count="0"/>
      <line num="2750" type="stmt" count="0"/>
      <line num="2752" type="stmt" count="0"/>
      <line num="2753" type="stmt" count="0"/>
      <line num="2754" type="stmt" count="0"/>
      <line num="2755" type="stmt" count="0"/>
      <line num="2756" type="stmt" count="0"/>
      <line num="2757" type="stmt" count="0"/>
      <line num="2760" type="stmt" count="0"/>
      <line num="2763" type="stmt" count="0"/>
      <line num="2764" type="stmt" count="0"/>
      <line num="2765" type="stmt" count="0"/>
      <line num="2767" type="stmt" count="0"/>
      <line num="2776" type="method" name="saveSubtree" visibility="public" complexity="1" crap="2" count="0"/>
      <line num="2777" type="stmt" count="0"/>
      <line num="2778" type="stmt" count="0"/>
      <line num="2787" type="method" name="saveSubtreeInternal" visibility="private" complexity="10" crap="110" count="0"/>
      <line num="2788" type="stmt" count="0"/>
      <line num="2789" type="stmt" count="0"/>
      <line num="2790" type="stmt" count="0"/>
      <line num="2791" type="stmt" count="0"/>
      <line num="2792" type="stmt" count="0"/>
      <line num="2793" type="stmt" count="0"/>
      <line num="2794" type="stmt" count="0"/>
      <line num="2797" type="stmt" count="0"/>
      <line num="2798" type="stmt" count="0"/>
      <line num="2801" type="stmt" count="0"/>
      <line num="2802" type="stmt" count="0"/>
      <line num="2804" type="stmt" count="0"/>
      <line num="2805" type="stmt" count="0"/>
      <line num="2806" type="stmt" count="0"/>
      <line num="2810" type="stmt" count="0"/>
      <line num="2811" type="stmt" count="0"/>
      <line num="2814" type="stmt" count="0"/>
      <line num="2815" type="stmt" count="0"/>
      <line num="2818" type="stmt" count="0"/>
      <line num="2820" type="stmt" count="0"/>
      <line num="2821" type="stmt" count="0"/>
      <line num="2824" type="stmt" count="0"/>
      <line num="2825" type="stmt" count="0"/>
      <line num="2854" type="method" name="saveTree" visibility="public" complexity="14" crap="210" count="0"/>
      <line num="2856" type="stmt" count="0"/>
      <line num="2857" type="stmt" count="0"/>
      <line num="2860" type="stmt" count="0"/>
      <line num="2861" type="stmt" count="0"/>
      <line num="2863" type="stmt" count="0"/>
      <line num="2864" type="stmt" count="0"/>
      <line num="2865" type="stmt" count="0"/>
      <line num="2866" type="stmt" count="0"/>
      <line num="2869" type="stmt" count="0"/>
      <line num="2870" type="stmt" count="0"/>
      <line num="2871" type="stmt" count="0"/>
      <line num="2874" type="stmt" count="0"/>
      <line num="2875" type="stmt" count="0"/>
      <line num="2876" type="stmt" count="0"/>
      <line num="2878" type="stmt" count="0"/>
      <line num="2879" type="stmt" count="0"/>
      <line num="2880" type="stmt" count="0"/>
      <line num="2882" type="stmt" count="0"/>
      <line num="2883" type="stmt" count="0"/>
      <line num="2885" type="stmt" count="0"/>
      <line num="2887" type="stmt" count="0"/>
      <line num="2890" type="stmt" count="0"/>
      <line num="2891" type="stmt" count="0"/>
      <line num="2893" type="stmt" count="0"/>
      <line num="2894" type="stmt" count="0"/>
      <line num="2895" type="stmt" count="0"/>
      <line num="2896" type="stmt" count="0"/>
      <line num="2897" type="stmt" count="0"/>
      <line num="2898" type="stmt" count="0"/>
      <line num="2901" type="stmt" count="0"/>
      <line num="2902" type="stmt" count="0"/>
      <line num="2903" type="stmt" count="0"/>
      <line num="2904" type="stmt" count="0"/>
      <line num="2905" type="stmt" count="0"/>
      <line num="2907" type="stmt" count="0"/>
      <line num="2908" type="stmt" count="0"/>
      <line num="2911" type="stmt" count="0"/>
      <line num="2922" type="method" name="joinUserCategory" visibility="public" complexity="1" crap="2" count="0"/>
      <line num="2923" type="stmt" count="0"/>
      <line num="2932" type="method" name="setJoinUserCategory" visibility="public" complexity="1" crap="2" count="0"/>
      <line num="2933" type="stmt" count="0"/>
      <line num="2934" type="stmt" count="0"/>
      <line num="2942" type="method" name="createCollection" visibility="public" complexity="3" crap="12" count="0"/>
      <line num="2943" type="stmt" count="0"/>
      <line num="2944" type="stmt" count="0"/>
      <line num="2946" type="stmt" count="0"/>
      <line num="2947" type="stmt" count="0"/>
      <line num="2949" type="stmt" count="0"/>
      <line num="2951" type="stmt" count="0"/>
      <line num="2953" type="stmt" count="0"/>
      <line num="2954" type="stmt" count="0"/>
      <line num="2957" type="stmt" count="0"/>
      <line num="2958" type="stmt" count="0"/>
      <line num="2959" type="stmt" count="0"/>
      <line num="2971" type="method" name="_treeSort" visibility="protected" complexity="3" crap="12" count="0"/>
      <line num="2972" type="stmt" count="0"/>
      <line num="2973" type="stmt" count="0"/>
      <line num="2974" type="stmt" count="0"/>
      <line num="2975" type="stmt" count="0"/>
      <line num="2977" type="stmt" count="0"/>
      <line num="2991" type="method" name="save" visibility="public" complexity="33" crap="1122" count="0"/>
      <line num="2993" type="stmt" count="0"/>
      <line num="2996" type="stmt" count="0"/>
      <line num="2997" type="stmt" count="0"/>
      <line num="2998" type="stmt" count="0"/>
      <line num="2999" type="stmt" count="0"/>
      <line num="3000" type="stmt" count="0"/>
      <line num="3001" type="stmt" count="0"/>
      <line num="3003" type="stmt" count="0"/>
      <line num="3004" type="stmt" count="0"/>
      <line num="3008" type="stmt" count="0"/>
      <line num="3009" type="stmt" count="0"/>
      <line num="3010" type="stmt" count="0"/>
      <line num="3013" type="stmt" count="0"/>
      <line num="3016" type="stmt" count="0"/>
      <line num="3017" type="stmt" count="0"/>
      <line num="3018" type="stmt" count="0"/>
      <line num="3021" type="stmt" count="0"/>
      <line num="3022" type="stmt" count="0"/>
      <line num="3025" type="stmt" count="0"/>
      <line num="3026" type="stmt" count="0"/>
      <line num="3027" type="stmt" count="0"/>
      <line num="3029" type="stmt" count="0"/>
      <line num="3030" type="stmt" count="0"/>
      <line num="3033" type="stmt" count="0"/>
      <line num="3034" type="stmt" count="0"/>
      <line num="3038" type="stmt" count="0"/>
      <line num="3039" type="stmt" count="0"/>
      <line num="3040" type="stmt" count="0"/>
      <line num="3042" type="stmt" count="0"/>
      <line num="3043" type="stmt" count="0"/>
      <line num="3044" type="stmt" count="0"/>
      <line num="3050" type="stmt" count="0"/>
      <line num="3051" type="stmt" count="0"/>
      <line num="3052" type="stmt" count="0"/>
      <line num="3055" type="stmt" count="0"/>
      <line num="3056" type="stmt" count="0"/>
      <line num="3057" type="stmt" count="0"/>
      <line num="3058" type="stmt" count="0"/>
      <line num="3059" type="stmt" count="0"/>
      <line num="3061" type="stmt" count="0"/>
      <line num="3062" type="stmt" count="0"/>
      <line num="3063" type="stmt" count="0"/>
      <line num="3064" type="stmt" count="0"/>
      <line num="3066" type="stmt" count="0"/>
      <line num="3069" type="stmt" count="0"/>
      <line num="3070" type="stmt" count="0"/>
      <line num="3071" type="stmt" count="0"/>
      <line num="3073" type="stmt" count="0"/>
      <line num="3074" type="stmt" count="0"/>
      <line num="3078" type="stmt" count="0"/>
      <line num="3081" type="stmt" count="0"/>
      <line num="3082" type="stmt" count="0"/>
      <line num="3084" type="stmt" count="0"/>
      <line num="3087" type="stmt" count="0"/>
      <line num="3089" type="stmt" count="0"/>
      <line num="3090" type="stmt" count="0"/>
      <line num="3091" type="stmt" count="0"/>
      <line num="3093" type="stmt" count="0"/>
      <line num="3094" type="stmt" count="0"/>
      <line num="3098" type="stmt" count="0"/>
      <line num="3102" type="stmt" count="0"/>
      <line num="3104" type="stmt" count="0"/>
      <line num="3105" type="stmt" count="0"/>
      <line num="3107" type="stmt" count="0"/>
      <line num="3109" type="stmt" count="0"/>
      <line num="3110" type="stmt" count="0"/>
      <line num="3111" type="stmt" count="0"/>
      <line num="3112" type="stmt" count="0"/>
      <line num="3113" type="stmt" count="0"/>
      <line num="3117" type="stmt" count="0"/>
      <line num="3120" type="stmt" count="0"/>
      <line num="3121" type="stmt" count="0"/>
      <line num="3123" type="stmt" count="0"/>
      <line num="3124" type="stmt" count="0"/>
      <line num="3128" type="stmt" count="0"/>
      <line num="3130" type="stmt" count="0"/>
      <line num="3133" type="stmt" count="0"/>
      <line num="3136" type="stmt" count="0"/>
      <line num="3137" type="stmt" count="0"/>
      <line num="3138" type="stmt" count="0"/>
      <line num="3139" type="stmt" count="0"/>
      <line num="3142" type="stmt" count="0"/>
      <line num="3144" type="stmt" count="0"/>
      <line num="3146" type="stmt" count="0"/>
      <line num="3147" type="stmt" count="0"/>
      <line num="3148" type="stmt" count="0"/>
      <line num="3149" type="stmt" count="0"/>
      <line num="3150" type="stmt" count="0"/>
      <line num="3151" type="stmt" count="0"/>
      <line num="3153" type="stmt" count="0"/>
      <line num="3155" type="stmt" count="0"/>
      <line num="3156" type="stmt" count="0"/>
      <line num="3157" type="stmt" count="0"/>
      <line num="3158" type="stmt" count="0"/>
      <line num="3161" type="stmt" count="0"/>
      <line num="3165" type="stmt" count="0"/>
      <line num="3166" type="stmt" count="0"/>
      <line num="3167" type="stmt" count="0"/>
      <line num="3173" type="stmt" count="0"/>
      <line num="3176" type="stmt" count="0"/>
      <line num="3177" type="stmt" count="0"/>
      <line num="3179" type="stmt" count="0"/>
      <line num="3182" type="stmt" count="0"/>
      <line num="3193" type="method" name="saveUserTree" visibility="public" complexity="2" crap="6" count="0"/>
      <line num="3194" type="stmt" count="0"/>
      <line num="3195" type="stmt" count="0"/>
      <line num="3196" type="stmt" count="0"/>
      <line num="3197" type="stmt" count="0"/>
      <line num="3198" type="stmt" count="0"/>
      <line num="3199" type="stmt" count="0"/>
      <line num="3202" type="stmt" count="0"/>
      <line num="3203" type="stmt" count="0"/>
      <line num="3204" type="stmt" count="0"/>
      <line num="3214" type="method" name="setCache" visibility="public" complexity="6" crap="42" count="0"/>
      <line num="3215" type="stmt" count="0"/>
      <line num="3217" type="stmt" count="0"/>
      <line num="3218" type="stmt" count="0"/>
      <line num="3220" type="stmt" count="0"/>
      <line num="3221" type="stmt" count="0"/>
      <line num="3225" type="stmt" count="0"/>
      <line num="3226" type="stmt" count="0"/>
      <line num="3227" type="stmt" count="0"/>
      <line num="3229" type="stmt" count="0"/>
      <line num="3232" type="stmt" count="0"/>
      <line num="3233" type="stmt" count="0"/>
      <line num="3234" type="stmt" count="0"/>
      <line num="3237" type="stmt" count="0"/>
      <line num="3238" type="stmt" count="0"/>
      <line num="3239" type="stmt" count="0"/>
      <line num="3242" type="stmt" count="0"/>
      <line num="3243" type="stmt" count="0"/>
      <line num="3244" type="stmt" count="0"/>
      <line num="3246" type="stmt" count="0"/>
      <line num="3247" type="stmt" count="0"/>
[...]
      <line num="449" type="stmt" count="0"/>
      <line num="450" type="stmt" count="0"/>
      <line num="451" type="stmt" count="0"/>
      <line num="452" type="stmt" count="0"/>
      <line num="456" type="stmt" count="0"/>
      <line num="457" type="stmt" count="0"/>
      <line num="459" type="stmt" count="0"/>
      <line num="461" type="stmt" count="0"/>
      <line num="462" type="stmt" count="0"/>
      <line num="463" type="stmt" count="0"/>
      <line num="464" type="stmt" count="0"/>
      <line num="465" type="stmt" count="0"/>
      <line num="466" type="stmt" count="0"/>
      <line num="468" type="stmt" count="0"/>
      <line num="470" type="stmt" count="0"/>
      <line num="483" type="stmt" count="0"/>
      <line num="484" type="stmt" count="0"/>
      <line num="487" type="stmt" count="0"/>
      <line num="488" type="stmt" count="0"/>
      <line num="489" type="stmt" count="0"/>
      <line num="490" type="stmt" count="0"/>
      <line num="494" type="stmt" count="0"/>
      <line num="495" type="stmt" count="0"/>
      <line num="496" type="stmt" count="0"/>
      <line num="499" type="stmt" count="0"/>
      <line num="500" type="stmt" count="0"/>
      <line num="501" type="stmt" count="0"/>
      <line num="502" type="stmt" count="0"/>
      <line num="503" type="stmt" count="0"/>
      <line num="504" type="stmt" count="0"/>
      <line num="505" type="stmt" count="0"/>
      <line num="507" type="stmt" count="0"/>
      <line num="510" type="stmt" count="0"/>
      <line num="526" type="stmt" count="0"/>
      <line num="527" type="stmt" count="0"/>
      <line num="528" type="stmt" count="0"/>
      <line num="529" type="stmt" count="0"/>
      <line num="531" type="stmt" count="0"/>
      <line num="533" type="stmt" count="0"/>
      <line num="548" type="stmt" count="0"/>
      <line num="549" type="stmt" count="0"/>
      <line num="550" type="stmt" count="0"/>
      <line num="564" type="stmt" count="0"/>
      <line num="580" type="stmt" count="0"/>
      <line num="581" type="stmt" count="0"/>
      <line num="582" type="stmt" count="0"/>
      <line num="583" type="stmt" count="0"/>
      <line num="584" type="stmt" count="0"/>
      <line num="586" type="stmt" count="0"/>
      <line num="587" type="stmt" count="0"/>
      <line num="588" type="stmt" count="0"/>
      <line num="589" type="stmt" count="0"/>
      <line num="593" type="stmt" count="0"/>
      <line num="606" type="stmt" count="0"/>
      <line num="607" type="stmt" count="0"/>
      <line num="610" type="stmt" count="0"/>
      <line num="615" type="stmt" count="0"/>
      <line num="616" type="stmt" count="0"/>
      <line num="620" type="stmt" count="0"/>
      <line num="634" type="stmt" count="0"/>
      <line num="636" type="stmt" count="0"/>
      <line num="646" type="stmt" count="0"/>
      <line num="647" type="stmt" count="0"/>
      <line num="648" type="stmt" count="0"/>
      <line num="650" type="stmt" count="0"/>
      <line num="653" type="stmt" count="0"/>
      <line num="654" type="stmt" count="0"/>
      <line num="658" type="stmt" count="0"/>
      <line num="660" type="stmt" count="0"/>
      <line num="662" type="stmt" count="0"/>
      <line num="664" type="stmt" count="0"/>
      <line num="666" type="stmt" count="0"/>
      <line num="668" type="stmt" count="0"/>
      <line num="670" type="stmt" count="0"/>
      <line num="672" type="stmt" count="0"/>
      <line num="674" type="stmt" count="0"/>
      <line num="676" type="stmt" count="0"/>
      <line num="693" type="stmt" count="0"/>
      <line num="694" type="stmt" count="0"/>
      <line num="696" type="stmt" count="0"/>
      <line num="697" type="stmt" count="0"/>
      <line num="700" type="stmt" count="0"/>
      <line num="701" type="stmt" count="0"/>
      <line num="702" type="stmt" count="0"/>
      <line num="704" type="stmt" count="0"/>
      <line num="707" type="stmt" count="0"/>
      <line num="708" type="stmt" count="0"/>
      <line num="709" type="stmt" count="0"/>
      <line num="710" type="stmt" count="0"/>
      <line num="713" type="stmt" count="0"/>
      <line num="727" type="stmt" count="0"/>
      <line num="728" type="stmt" count="0"/>
      <line num="731" type="stmt" count="0"/>
      <line num="732" type="stmt" count="0"/>
      <line num="733" type="stmt" count="0"/>
      <line num="734" type="stmt" count="0"/>
      <line num="736" type="stmt" count="0"/>
      <line num="738" type="stmt" count="0"/>
      <line num="739" type="stmt" count="0"/>
      <line num="740" type="stmt" count="0"/>
      <line num="742" type="stmt" count="0"/>
      <line num="744" type="stmt" count="0"/>
      <line num="745" type="stmt" count="0"/>
      <line num="746" type="stmt" count="0"/>
      <line num="748" type="stmt" count="0"/>
      <line num="750" type="stmt" count="0"/>
      <line num="751" type="stmt" count="0"/>
      <line num="752" type="stmt" count="0"/>
      <line num="754" type="stmt" count="0"/>
      <line num="756" type="stmt" count="0"/>
      <line num="757" type="stmt" count="0"/>
      <line num="758" type="stmt" count="0"/>
      <line num="760" type="stmt" count="0"/>
      <line num="762" type="stmt" count="0"/>
      <line num="777" type="stmt" count="0"/>
      <line num="779" type="stmt" count="0"/>
      <line num="780" type="stmt" count="0"/>
      <line num="784" type="stmt" count="0"/>
      <line num="785" type="stmt" count="0"/>
      <line num="786" type="stmt" count="0"/>
      <line num="789" type="stmt" count="0"/>
      <line num="792" type="stmt" count="0"/>
      <line num="794" type="stmt" count="0"/>
      <line num="796" type="stmt" count="0"/>
      <line num="809" type="stmt" count="0"/>
      <line num="811" type="stmt" count="0"/>
      <line num="812" type="stmt" count="0"/>
      <line num="816" type="stmt" count="0"/>
      <line num="817" type="stmt" count="0"/>
      <line num="819" type="stmt" count="0"/>
      <line num="821" type="stmt" count="0"/>
      <line num="822" type="stmt" count="0"/>
      <line num="825" type="stmt" count="0"/>
      <line num="827" type="stmt" count="0"/>
      <line num="842" type="stmt" count="0"/>
      <line num="843" type="stmt" count="0"/>
      <line num="846" type="stmt" count="0"/>
      <line num="847" type="stmt" count="0"/>
      <line num="848" type="stmt" count="0"/>
      <line num="849" type="stmt" count="0"/>
      <line num="850" type="stmt" count="0"/>
      <line num="853" type="stmt" count="0"/>
      <line num="866" type="stmt" count="0"/>
      <line num="867" type="stmt" count="0"/>
      <line num="880" type="stmt" count="0"/>
      <line num="881" type="stmt" count="0"/>
      <line num="882" type="stmt" count="0"/>
      <line num="883" type="stmt" count="0"/>
      <line num="884" type="stmt" count="0"/>
      <line num="887" type="stmt" count="0"/>
      <line num="901" type="stmt" count="0"/>
      <line num="902" type="stmt" count="0"/>
      <line num="903" type="stmt" count="0"/>
      <line num="904" type="stmt" count="0"/>
      <line num="905" type="stmt" count="0"/>
      <line num="906" type="stmt" count="0"/>
      <line num="907" type="stmt" count="0"/>
      <line num="909" type="stmt" count="0"/>
      <line num="910" type="stmt" count="0"/>
      <line num="911" type="stmt" count="0"/>
      <line num="912" type="stmt" count="0"/>
      <line num="914" type="stmt" count="0"/>
      <line num="915" type="stmt" count="0"/>
      <line num="916" type="stmt" count="0"/>
      <line num="917" type="stmt" count="0"/>
      <line num="920" type="stmt" count="0"/>
      <line num="922" type="stmt" count="0"/>
      <line num="934" type="stmt" count="0"/>
      <line num="936" type="stmt" count="0"/>
      <line num="937" type="stmt" count="0"/>
      <line num="939" type="stmt" count="0"/>
      <line num="942" type="stmt" count="0"/>
      <line num="943" type="stmt" count="0"/>
      <line num="945" type="stmt" count="0"/>
      <line num="946" type="stmt" count="0"/>
      <line num="947" type="stmt" count="0"/>
      <line num="948" type="stmt" count="0"/>
      <line num="952" type="stmt" count="0"/>
      <line num="953" type="stmt" count="0"/>
      <line num="955" type="stmt" count="0"/>
      <line num="956" type="stmt" count="0"/>
      <line num="959" type="stmt" count="0"/>
      <line num="961" type="stmt" count="0"/>
      <line num="975" type="stmt" count="0"/>
      <line num="976" type="stmt" count="0"/>
      <line num="978" type="stmt" count="0"/>
      <line num="980" type="stmt" count="0"/>
      <line num="982" type="stmt" count="0"/>
      <line num="983" type="stmt" count="0"/>
      <line num="984" type="stmt" count="0"/>
      <line num="985" type="stmt" count="0"/>
      <line num="988" type="stmt" count="0"/>
      <line num="991" type="stmt" count="0"/>
      <line num="992" type="stmt" count="0"/>
      <line num="993" type="stmt" count="0"/>
      <line num="998" type="stmt" count="0"/>
      <line num="1000" type="stmt" count="0"/>
      <line num="1001" type="stmt" count="0"/>
      <line num="1005" type="stmt" count="0"/>
      <line num="1006" type="stmt" count="0"/>
      <line num="1007" type="stmt" count="0"/>
      <line num="1010" type="stmt" count="0"/>
      <line num="1012" type="stmt" count="0"/>
      <line num="1013" type="stmt" count="0"/>
      <line num="1020" type="stmt" count="0"/>
      <line num="1021" type="stmt" count="0"/>
      <line num="1022" type="stmt" count="0"/>
      <line num="1026" type="stmt" count="0"/>
      <line num="1027" type="stmt" count="0"/>
      <line num="1029" type="stmt" count="0"/>
      <line num="1042" type="stmt" count="0"/>
      <line num="1043" type="stmt" count="0"/>
      <line num="1044" type="stmt" count="0"/>
      <line num="1046" type="stmt" count="0"/>
      <line num="1063" type="stmt" count="0"/>
      <line num="1064" type="stmt" count="0"/>
      <line num="1065" type="stmt" count="0"/>
      <line num="1078" type="stmt" count="9"/>
      <line num="1079" type="stmt" count="9"/>
      <line num="1080" type="stmt" count="8"/>
      <line num="1081" type="stmt" count="8"/>
      <line num="1083" type="stmt" count="9"/>
      <line num="1086" type="stmt" count="9"/>
      <line num="1087" type="stmt" count="9"/>
      <line num="1088" type="stmt" count="8"/>
      <line num="1091" type="stmt" count="9"/>
      <line num="1092" type="stmt" count="0"/>
      <line num="1095" type="stmt" count="9"/>
      <line num="1096" type="stmt" count="9"/>
      <line num="1099" type="stmt" count="9"/>
      <line num="1116" type="stmt" count="0"/>
      <line num="1118" type="stmt" count="0"/>
      <line num="1119" type="stmt" count="0"/>
      <line num="1122" type="stmt" count="0"/>
      <line num="1123" type="stmt" count="0"/>
      <line num="1124" type="stmt" count="0"/>
      <line num="1125" type="stmt" count="0"/>
      <line num="1128" type="stmt" count="0"/>
      <line num="1129" type="stmt" count="0"/>
      <line num="1130" type="stmt" count="0"/>
      <line num="1131" type="stmt" count="0"/>
      <line num="1132" type="stmt" count="0"/>
      <line num="1133" type="stmt" count="0"/>
      <line num="1136" type="stmt" count="0"/>
      <line num="1137" type="stmt" count="0"/>
      <line num="1139" type="stmt" count="0"/>
      <line num="1140" type="stmt" count="0"/>
      <line num="1141" type="stmt" count="0"/>
      <line num="1144" type="stmt" count="0"/>
      <line num="1145" type="stmt" count="0"/>
      <line num="1148" type="stmt" count="0"/>
      <line num="1149" type="stmt" count="0"/>
      <line num="1151" type="stmt" count="0"/>
      <line num="1153" type="stmt" count="0"/>
      <line num="1154" type="stmt" count="0"/>
      <line num="1156" type="stmt" count="0"/>
      <line num="1157" type="stmt" count="0"/>
      <line num="1158" type="stmt" count="0"/>
      <line num="1159" type="stmt" count="0"/>
      <line num="1160" type="stmt" count="0"/>
      <line num="1161" type="stmt" count="0"/>
      <line num="1162" type="stmt" count="0"/>
      <line num="1163" type="stmt" count="0"/>
      <line num="1164" type="stmt" count="0"/>
      <line num="1166" type="stmt" count="0"/>
      <line num="1167" type="stmt" count="0"/>
      <line num="1170" type="stmt" count="0"/>
      <line num="1171" type="stmt" count="0"/>
      <line num="1172" type="stmt" count="0"/>
      <line num="1175" type="stmt" count="0"/>
      <line num="1176" type="stmt" count="0"/>
      <line num="1177" type="stmt" count="0"/>
      <line num="1180" type="stmt" count="0"/>
      <line num="1181" type="stmt" count="0"/>
      <line num="1182" type="stmt" count="0"/>
      <line num="1183" type="stmt" count="0"/>
      <line num="1184" type="stmt" count="0"/>
      <line num="1185" type="stmt" count="0"/>
      <line num="1186" type="stmt" count="0"/>
      <line num="1187" type="stmt" count="0"/>
      <line num="1192" type="stmt" count="0"/>
      <line num="1194" type="stmt" count="0"/>
      <line num="1196" type="stmt" count="0"/>
      <line num="1197" type="stmt" count="0"/>
      <line num="1198" type="stmt" count="0"/>
      <line num="1199" type="stmt" count="0"/>
      <line num="1200" type="stmt" count="0"/>
      <line num="1201" type="stmt" count="0"/>
      <line num="1204" type="stmt" count="0"/>
      <line num="1205" type="stmt" count="0"/>
      <line num="1208" type="stmt" count="0"/>
      <line num="1210" type="stmt" count="0"/>
      <line num="1211" type="stmt" count="0"/>
      <line num="1212" type="stmt" count="0"/>
      <line num="1214" type="stmt" count="0"/>
      <line num="1217" type="stmt" count="0"/>
      <line num="1218" type="stmt" count="0"/>
      <line num="1219" type="stmt" count="0"/>
      <line num="1220" type="stmt" count="0"/>
      <line num="1222" type="stmt" count="0"/>
      <line num="1223" type="stmt" count="0"/>
      <line num="1225" type="stmt" count="0"/>
      <line num="1228" type="stmt" count="0"/>
      <line num="1229" type="stmt" count="0"/>
      <line num="1230" type="stmt" count="0"/>
      <line num="1231" type="stmt" count="0"/>
      <line num="1240" type="stmt" count="0"/>
      <line num="1241" type="stmt" count="0"/>
      <line num="1242" type="stmt" count="0"/>
      <line num="1243" type="stmt" count="0"/>
      <line num="1244" type="stmt" count="0"/>
      <line num="1245" type="stmt" count="0"/>
      <line num="1248" type="stmt" count="0"/>
      <line num="1249" type="stmt" count="0"/>
      <line num="1250" type="stmt" count="0"/>
      <line num="1251" type="stmt" count="0"/>
      <line num="1252" type="stmt" count="0"/>
      <line num="1253" type="stmt" count="0"/>
      <line num="1258" type="stmt" count="0"/>
      <line num="1275" type="stmt" count="0"/>
      <line num="1277" type="stmt" count="0"/>
      <line num="1278" type="stmt" count="0"/>
      <line num="1279" type="stmt" count="0"/>
      <line num="1282" type="stmt" count="0"/>
      <line num="1283" type="stmt" count="0"/>
      <line num="1284" type="stmt" count="0"/>
      <line num="1285" type="stmt" count="0"/>
      <line num="1286" type="stmt" count="0"/>
      <line num="1287" type="stmt" count="0"/>
      <line num="1289" type="stmt" count="0"/>
      <line num="1290" type="stmt" count="0"/>
      <line num="1292" type="stmt" count="0"/>
      <line num="1293" type="stmt" count="0"/>
      <line num="1294" type="stmt" count="0"/>
      <line num="1297" type="stmt" count="0"/>
      <line num="1298" type="stmt" count="0"/>
      <line num="1301" type="stmt" count="0"/>
      <line num="1302" type="stmt" count="0"/>
      <line num="1304" type="stmt" count="0"/>
      <line num="1305" type="stmt" count="0"/>
      <line num="1307" type="stmt" count="0"/>
      <line num="1308" type="stmt" count="0"/>
      <line num="1309" type="stmt" count="0"/>
      <line num="1310" type="stmt" count="0"/>
      <line num="1311" type="stmt" count="0"/>
      <line num="1312" type="stmt" count="0"/>
      <line num="1313" type="stmt" count="0"/>
      <line num="1315" type="stmt" count="0"/>
      <line num="1316" type="stmt" count="0"/>
      <line num="1319" type="stmt" count="0"/>
      <line num="1320" type="stmt" count="0"/>
      <line num="1330" type="stmt" count="0"/>
      <line num="1331" type="stmt" count="0"/>
      <line num="1332" type="stmt" count="0"/>
      <line num="1333" type="stmt" count="0"/>
      <line num="1334" type="stmt" count="0"/>
      <line num="1335" type="stmt" count="0"/>
      <line num="1338" type="stmt" count="0"/>
      <line num="1339" type="stmt" count="0"/>
      <line num="1340" type="stmt" count="0"/>
      <line num="1343" type="stmt" count="0"/>
      <line num="1344" type="stmt" count="0"/>
      <line num="1345" type="stmt" count="0"/>
      <line num="1346" type="stmt" count="0"/>
      <line num="1347" type="stmt" count="0"/>
      <line num="1348" type="stmt" count="0"/>
      <line num="1349" type="stmt" count="0"/>
      <line num="1350" type="stmt" count="0"/>
      <line num="1355" type="stmt" count="0"/>
      <line num="1356" type="stmt" count="0"/>
      <line num="1357" type="stmt" count="0"/>
      <line num="1360" type="stmt" count="0"/>
      <line num="1361" type="stmt" count="0"/>
      <line num="1362" type="stmt" count="0"/>
      <line num="1366" type="stmt" count="0"/>
      <line num="1367" type="stmt" count="0"/>
      <line num="1368" type="stmt" count="0"/>
      <line num="1369" type="stmt" count="0"/>
      <line num="1370" type="stmt" count="0"/>
      <line num="1372" type="stmt" count="0"/>
      <line num="1373" type="stmt" count="0"/>
      <line num="1376" type="stmt" count="0"/>
      <line num="1379" type="stmt" count="0"/>
      <line num="1380" type="stmt" count="0"/>
      <line num="1381" type="stmt" count="0"/>
      <line num="1383" type="stmt" count="0"/>
      <line num="1384" type="stmt" count="0"/>
      <line num="1385" type="stmt" count="0"/>
      <line num="1386" type="stmt" count="0"/>
      <line num="1388" type="stmt" count="0"/>
      <line num="1389" type="stmt" count="0"/>
      <line num="1390" type="stmt" count="0"/>
      <line num="1391" type="stmt" count="0"/>
      <line num="1394" type="stmt" count="0"/>
      <line num="1397" type="stmt" count="0"/>
      <line num="1398" type="stmt" count="0"/>
      <line num="1401" type="stmt" count="0"/>
      <line num="1402" type="stmt" count="0"/>
      <line num="1404" type="stmt" count="0"/>
      <line num="1405" type="stmt" count="0"/>
      <line num="1406" type="stmt" count="0"/>
      <line num="1407" type="stmt" count="0"/>
      <line num="1416" type="stmt" count="0"/>
      <line num="1417" type="stmt" count="0"/>
      <line num="1418" type="stmt" count="0"/>
      <line num="1419" type="stmt" count="0"/>
      <line num="1420" type="stmt" count="0"/>
      <line num="1421" type="stmt" count="0"/>
      <line num="1422" type="stmt" count="0"/>
      <line num="1423" type="stmt" count="0"/>
      <line num="1424" type="stmt" count="0"/>
      <line num="1425" type="stmt" count="0"/>
      <line num="1428" type="stmt" count="0"/>
      <line num="1429" type="stmt" count="0"/>
      <line num="1430" type="stmt" count="0"/>
      <line num="1431" type="stmt" count="0"/>
      <line num="1432" type="stmt" count="0"/>
      <line num="1433" type="stmt" count="0"/>
      <line num="1438" type="stmt" count="0"/>
      <metrics loc="1440" ncloc="951" classes="0" methods="0" coveredmethods="0" conditionals="0" coveredconditionals="0" statements="537" coveredstatements="12" elements="537" coveredelements="12"/>
    </file>
    <metrics files="162" loc="46124" ncloc="28902" classes="138" methods="1531" coveredmethods="447" conditionals="0" coveredconditionals="0" statements="13874" coveredstatements="3396" elements="15405" coveredelements="3843"/>
  </project>
</coverage>
