TN:
SF:/home/blueworrybear/projects/covergates/web/src/server.ts
FN:18,(anonymous_0)
FN:21,(anonymous_1)
FN:24,(anonymous_2)
FN:27,(anonymous_3)
FN:45,seeds
FN:54,routes
FN:57,(anonymous_6)
FN:62,(anonymous_7)
FN:65,(anonymous_8)
FN:68,(anonymous_9)
FN:78,(anonymous_10)
FN:87,(anonymous_11)
FN:95,(anonymous_12)
FN:151,(anonymous_13)
FN:162,makeServer
FNF:15
FNH:9
FNDA:60,(anonymous_0)
FNDA:50,(anonymous_1)
FNDA:60,(anonymous_2)
FNDA:60,(anonymous_3)
FNDA:5,seeds
FNDA:5,routes
FNDA:0,(anonymous_6)
FNDA:0,(anonymous_7)
FNDA:1,(anonymous_8)
FNDA:0,(anonymous_9)
FNDA:0,(anonymous_10)
FNDA:0,(anonymous_11)
FNDA:0,(anonymous_12)
FNDA:5,(anonymous_13)
FNDA:5,makeServer
DA:1,1
DA:3,1
DA:8,1
DA:17,1
DA:19,60
DA:22,50
DA:25,60
DA:28,60
DA:34,1
DA:39,1
DA:46,5
DA:50,5
DA:51,5
DA:55,5
DA:57,5
DA:58,0
DA:59,0
DA:62,5
DA:63,0
DA:65,5
DA:66,1
DA:68,5
DA:69,0
DA:70,0
DA:71,0
DA:73,0
DA:74,0
DA:75,0
DA:78,5
DA:79,0
DA:87,5
DA:88,0
DA:89,0
DA:90,0
DA:92,0
DA:95,5
DA:96,0
DA:97,0
DA:99,0
DA:100,0
DA:101,0
DA:129,0
DA:130,0
DA:146,0
DA:152,5
DA:163,5
DA:164,5
LF:47
LH:25
BRDA:59,0,0,0
BRDA:59,0,1,0
BRDA:89,1,0,0
BRDA:89,1,1,0
BRDA:89,2,0,0
BRDA:89,2,1,0
BRDA:89,3,0,0
BRDA:89,3,1,0
BRDA:92,4,0,0
BRDA:92,4,1,0
BRDA:96,5,0,0
BRDA:96,5,1,0
BRDA:100,6,0,0
BRDA:100,6,1,0
BRDA:151,7,0,0
BRDA:162,8,0,5
BRF:16
BRH:1
end_of_record
TN:
SF:/home/blueworrybear/projects/covergates/web/src/vue.ts
FNF:0
FNH:0
DA:1,3
DA:9,3
DA:10,3
LF:3
LH:3
BRF:0
BRH:0
end_of_record
TN:
SF:/home/blueworrybear/projects/covergates/web/src/components/AccountButton.vue
FN:36,(anonymous_1)
FN:40,(anonymous_2)
FN:44,(anonymous_3)
FN:48,(anonymous_4)
FN:71,(anonymous_5)
FNF:5
FNH:3
FNDA:3,(anonymous_1)
FNDA:0,(anonymous_2)
FNDA:0,(anonymous_3)
FNDA:3,(anonymous_4)
FNDA:1,(anonymous_5)
DA:23,1
DA:24,1
DA:35,1
DA:37,3
DA:41,0
DA:45,0
DA:49,3
DA:50,3
DA:51,1
DA:56,1
DA:62,2
DA:68,3
DA:72,1
DA:73,1
DA:74,1
DA:76,0
LF:16
LH:13
BRDA:41,0,0,0
BRDA:41,0,1,0
BRDA:45,1,0,0
BRDA:45,1,1,0
BRDA:50,2,0,1
BRDA:50,2,1,2
BRDA:72,3,0,1
BRDA:72,3,1,0
BRF:8
BRH:3
end_of_record
TN:
SF:/home/blueworrybear/projects/covergates/web/src/components/CommitButton.vue
FN:15,(anonymous_1)
FN:18,(anonymous_2)
FN:22,(anonymous_3)
FN:26,(anonymous_4)
FN:34,(anonymous_5)
FN:36,(anonymous_6)
FNF:6
FNH:0
FNDA:0,(anonymous_1)
FNDA:0,(anonymous_2)
FNDA:0,(anonymous_3)
FNDA:0,(anonymous_4)
FNDA:0,(anonymous_5)
FNDA:0,(anonymous_6)
DA:9,1
DA:10,1
DA:15,1
DA:16,0
DA:19,0
DA:23,0
DA:27,0
DA:28,0
DA:30,0
DA:35,0
DA:36,0
DA:37,0
LF:12
LH:3
BRDA:19,0,0,0
BRDA:19,0,1,0
BRDA:27,1,0,0
BRDA:27,1,1,0
BRF:4
BRH:0
end_of_record
TN:
SF:/home/blueworrybear/projects/covergates/web/src/components/RepoListItem.vue
FN:63,(anonymous_1)
FN:70,(anonymous_2)
FN:74,(anonymous_3)
FN:78,(anonymous_4)
FN:92,(anonymous_5)
FN:96,(anonymous_6)
FN:100,(anonymous_7)
FN:104,(anonymous_8)
FN:115,(anonymous_9)
FN:120,(anonymous_10)
FN:134,(anonymous_11)
FN:139,(anonymous_12)
FN:143,(anonymous_13)
FN:145,(anonymous_14)
FN:152,(anonymous_15)
FN:155,(anonymous_16)
FN:162,(anonymous_17)
FNF:17
FNH:17
FNDA:6,(anonymous_1)
FNDA:1,(anonymous_2)
FNDA:6,(anonymous_3)
FNDA:7,(anonymous_4)
FNDA:2,(anonymous_5)
FNDA:7,(anonymous_6)
FNDA:7,(anonymous_7)
FNDA:4,(anonymous_8)
FNDA:2,(anonymous_9)
FNDA:1,(anonymous_10)
FNDA:1,(anonymous_11)
FNDA:2,(anonymous_12)
FNDA:1,(anonymous_13)
FNDA:1,(anonymous_14)
FNDA:1,(anonymous_15)
FNDA:2,(anonymous_16)
FNDA:7,(anonymous_17)
DA:45,1
DA:47,1
DA:52,1
DA:56,1
DA:58,6
DA:60,6
DA:64,6
DA:65,6
DA:66,6
DA:70,1
DA:71,1
DA:75,6
DA:79,7
DA:81,2
DA:84,1
DA:87,4
DA:93,2
DA:97,7
DA:101,7
DA:105,4
DA:110,3
DA:112,1
DA:116,2
DA:117,0
DA:119,2
DA:120,2
DA:123,1
DA:124,1
DA:135,1
DA:136,1
DA:140,2
DA:141,2
DA:142,2
DA:143,2
DA:145,1
DA:150,1
DA:154,1
DA:157,2
DA:163,7
LF:39
LH:38
BRDA:80,0,0,2
BRDA:80,0,1,1
BRDA:80,0,2,4
BRDA:79,1,0,8
BRDA:79,1,1,13
BRDA:97,2,0,6
BRDA:97,2,1,1
BRDA:101,3,0,6
BRDA:101,3,1,1
BRDA:105,4,0,3
BRDA:105,4,1,1
BRDA:105,5,0,4
BRDA:105,5,1,4
BRDA:105,5,2,1
BRDA:116,6,0,0
BRDA:116,6,1,2
BRDA:123,7,0,1
BRDA:123,7,1,0
BRDA:140,8,0,2
BRDA:140,8,1,0
BRDA:163,9,0,7
BRDA:163,9,1,6
BRDA:163,9,2,3
BRF:23
BRH:20
end_of_record
TN:
SF:/home/blueworrybear/projects/covergates/web/src/components/ReportEmpty.vue
FN:26,(anonymous_1)
FN:30,(anonymous_2)
FNF:2
FNH:0
FNDA:0,(anonymous_1)
FNDA:0,(anonymous_2)
DA:19,1
DA:20,1
DA:25,1
DA:27,0
DA:31,0
LF:5
LH:3
BRDA:31,0,0,0
BRDA:31,0,1,0
BRF:2
BRH:0
end_of_record
TN:
SF:/home/blueworrybear/projects/covergates/web/src/components/ReportOverview.vue
FN:64,(anonymous_1)
FN:68,(anonymous_2)
FN:72,(anonymous_3)
FN:76,(anonymous_4)
FN:80,(anonymous_5)
FNF:5
FNH:5
FNDA:2,(anonymous_1)
FNDA:4,(anonymous_2)
FNDA:2,(anonymous_3)
FNDA:4,(anonymous_4)
FNDA:4,(anonymous_5)
DA:46,1
DA:47,1
DA:49,1
DA:50,1
DA:51,1
DA:61,1
DA:65,2
DA:69,4
DA:73,2
DA:77,4
DA:81,4
DA:82,0
DA:83,0
DA:85,4
LF:14
LH:12
BRDA:73,0,0,0
BRDA:73,0,1,2
BRDA:77,1,0,5
BRDA:77,1,1,5
BRDA:81,2,0,0
BRDA:81,2,1,4
BRDA:81,3,0,4
BRDA:81,3,1,2
BRDA:61,4,0,1
BRDA:61,4,1,1
BRF:10
BRH:8
end_of_record
TN:
SF:/home/blueworrybear/projects/covergates/web/src/mixins/report.ts
FN:6,(anonymous_0)
FN:10,(anonymous_1)
FN:24,(anonymous_2)
FN:40,(anonymous_3)
FNF:4
FNH:2
FNDA:4,(anonymous_0)
FNDA:4,(anonymous_1)
FNDA:0,(anonymous_2)
FNDA:0,(anonymous_3)
DA:1,1
DA:2,1
DA:5,2
DA:7,4
DA:11,4
DA:12,2
DA:14,2
DA:15,1
DA:17,1
DA:18,1
DA:19,1
DA:21,1
DA:25,0
DA:26,0
DA:28,0
DA:29,0
DA:30,0
DA:31,0
DA:33,0
DA:34,0
DA:37,0
DA:41,0
LF:22
LH:12
BRDA:11,0,0,2
BRDA:11,0,1,2
BRDA:14,1,0,1
BRDA:14,1,1,1
BRDA:14,2,0,2
BRDA:14,2,1,1
BRDA:25,3,0,0
BRDA:25,3,1,0
BRDA:25,4,0,0
BRDA:25,4,1,0
BRDA:25,5,0,0
BRDA:25,5,1,0
BRDA:29,6,0,0
BRDA:29,6,1,0
BRDA:29,7,0,0
BRDA:29,7,1,0
BRDA:30,8,0,0
BRDA:30,8,1,0
BRF:18
BRH:6
end_of_record
TN:
SF:/home/blueworrybear/projects/covergates/web/src/plugins/http.ts
FN:4,reasonToError
FN:19,AxiosPlugin
FNF:2
FNH:2
FNDA:3,reasonToError
FNDA:2,AxiosPlugin
DA:2,6
DA:5,3
DA:6,3
DA:7,3
DA:8,3
DA:12,0
DA:13,0
DA:15,0
DA:20,2
DA:21,2
LF:10
LH:7
BRDA:5,0,0,3
BRDA:5,0,1,0
BRDA:7,1,0,3
BRDA:7,1,1,0
BRDA:9,2,0,0
BRDA:9,2,1,3
BRDA:12,3,0,0
BRDA:12,3,1,0
BRF:8
BRH:3
end_of_record
TN:
SF:/home/blueworrybear/projects/covergates/web/src/store/index.ts
FN:17,getBaseURL
FNF:1
FNH:1
FNDA:3,getBaseURL
DA:1,3
DA:2,3
DA:3,3
DA:7,3
DA:11,3
DA:15,3
DA:18,3
DA:19,3
DA:20,0
DA:22,3
DA:28,3
DA:39,3
DA:53,3
DA:62,3
DA:72,3
LF:15
LH:14
BRDA:18,0,0,0
BRDA:18,0,1,3
BRDA:19,1,0,0
BRDA:19,1,1,3
BRF:4
BRH:2
end_of_record
TN:
SF:/home/blueworrybear/projects/covergates/web/src/store/modules/report/actions.ts
FN:13,fetchCurrentReport
FN:14,(anonymous_1)
FN:24,(anonymous_2)
FN:32,(anonymous_3)
FN:36,(anonymous_4)
FN:43,fetchSource
FN:44,(anonymous_6)
FN:59,(anonymous_7)
FN:62,(anonymous_8)
FN:65,(anonymous_9)
FN:72,fetchHistory
FN:73,(anonymous_11)
FN:81,(anonymous_12)
FN:83,(anonymous_13)
FN:85,(anonymous_14)
FNF:15
FNH:9
FNDA:2,fetchCurrentReport
FNDA:2,(anonymous_1)
FNDA:1,(anonymous_2)
FNDA:1,(anonymous_3)
FNDA:2,(anonymous_4)
FNDA:1,fetchSource
FNDA:1,(anonymous_6)
FNDA:0,(anonymous_7)
FNDA:1,(anonymous_8)
FNDA:1,(anonymous_9)
FNDA:0,fetchHistory
FNDA:0,(anonymous_11)
FNDA:0,(anonymous_12)
FNDA:0,(anonymous_13)
FNDA:0,(anonymous_14)
DA:2,4
DA:4,4
DA:6,4
DA:14,2
DA:15,2
DA:16,2
DA:17,2
DA:18,2
DA:19,0
DA:21,2
DA:25,1
DA:26,0
DA:27,0
DA:29,1
DA:33,1
DA:34,1
DA:37,2
DA:38,2
DA:44,1
DA:45,1
DA:46,1
DA:47,1
DA:48,1
DA:49,1
DA:50,0
DA:54,1
DA:60,0
DA:63,1
DA:66,1
DA:67,1
DA:73,0
DA:74,0
DA:75,0
DA:76,0
DA:77,0
DA:79,0
DA:82,0
DA:84,0
DA:86,0
DA:87,0
LF:40
LH:25
BRDA:18,0,0,0
BRDA:18,0,1,2
BRDA:25,1,0,0
BRDA:25,1,1,1
BRDA:49,2,0,0
BRDA:49,2,1,1
BRDA:76,3,0,0
BRDA:76,3,1,0
BRF:8
BRH:3
end_of_record
TN:
SF:/home/blueworrybear/projects/covergates/web/src/store/modules/report/index.ts
FN:17,(anonymous_0)
FN:26,(anonymous_1)
FNF:2
FNH:2
FNDA:4,(anonymous_0)
FNDA:4,(anonymous_1)
DA:2,4
DA:7,4
DA:17,4
DA:18,4
DA:19,4
DA:20,4
DA:21,4
DA:22,4
DA:23,4
DA:26,4
DA:27,4
DA:28,4
DA:29,4
DA:40,4
DA:69,4
LF:15
LH:15
BRDA:17,0,0,4
BRDA:17,0,1,4
BRDA:26,1,0,4
BRDA:26,1,1,4
BRF:4
BRH:4
end_of_record
TN:
SF:/home/blueworrybear/projects/covergates/web/src/store/modules/report/mutations.ts
FN:3,setCurrent
FN:7,setHistory
FN:12,startLoading
FN:16,stopLoading
FN:20,setSource
FN:24,setError
FNF:6
FNH:1
FNDA:2,setCurrent
FNDA:0,setHistory
FNDA:0,startLoading
FNDA:0,stopLoading
FNDA:0,setSource
FNDA:0,setError
DA:4,2
DA:8,0
DA:9,0
DA:13,0
DA:17,0
DA:21,0
DA:25,0
LF:7
LH:1
BRF:0
BRH:0
end_of_record
TN:
SF:/home/blueworrybear/projects/covergates/web/src/store/modules/repository/actions.ts
FN:9,fetchRepositories
FN:10,(anonymous_1)
FN:12,(anonymous_2)
FN:14,(anonymous_3)
FN:16,(anonymous_4)
FN:22,fetchRepository
FN:23,(anonymous_6)
FN:27,(anonymous_7)
FN:29,(anonymous_8)
FN:41,(anonymous_9)
FN:47,fetchRepositoryList
FN:49,(anonymous_11)
FN:54,updateRepositoryCurrent
FN:57,(anonymous_13)
FN:66,(anonymous_14)
FN:68,(anonymous_15)
FN:70,(anonymous_16)
FN:77,updateRepositoryReportID
FN:80,(anonymous_18)
FN:89,(anonymous_19)
FN:91,(anonymous_20)
FN:95,(anonymous_21)
FN:102,changeCurrentRepository
FN:105,(anonymous_23)
FN:109,(anonymous_24)
FN:111,(anonymous_25)
FN:113,(anonymous_26)
FN:120,fetchRepositorySetting
FN:123,(anonymous_28)
FN:134,(anonymous_29)
FN:137,(anonymous_30)
FN:139,(anonymous_31)
FN:146,fetchRepositoryOwner
FN:149,(anonymous_33)
FN:159,(anonymous_34)
FN:162,(anonymous_35)
FN:164,(anonymous_36)
FNF:37
FNH:21
FNDA:1,fetchRepositories
FNDA:1,(anonymous_1)
FNDA:1,(anonymous_2)
FNDA:0,(anonymous_3)
FNDA:1,(anonymous_4)
FNDA:2,fetchRepository
FNDA:2,(anonymous_6)
FNDA:1,(anonymous_7)
FNDA:1,(anonymous_8)
FNDA:2,(anonymous_9)
FNDA:1,fetchRepositoryList
FNDA:1,(anonymous_11)
FNDA:0,updateRepositoryCurrent
FNDA:0,(anonymous_13)
FNDA:0,(anonymous_14)
FNDA:0,(anonymous_15)
FNDA:0,(anonymous_16)
FNDA:0,updateRepositoryReportID
FNDA:0,(anonymous_18)
FNDA:0,(anonymous_19)
FNDA:0,(anonymous_20)
FNDA:0,(anonymous_21)
FNDA:2,changeCurrentRepository
FNDA:2,(anonymous_23)
FNDA:1,(anonymous_24)
FNDA:1,(anonymous_25)
FNDA:2,(anonymous_26)
FNDA:3,fetchRepositorySetting
FNDA:3,(anonymous_28)
FNDA:1,(anonymous_29)
FNDA:1,(anonymous_30)
FNDA:2,(anonymous_31)
FNDA:0,fetchRepositoryOwner
FNDA:0,(anonymous_33)
FNDA:0,(anonymous_34)
FNDA:0,(anonymous_35)
FNDA:0,(anonymous_36)
DA:2,4
DA:3,4
DA:5,4
DA:7,4
DA:10,1
DA:11,1
DA:13,1
DA:15,0
DA:17,1
DA:23,2
DA:25,2
DA:28,1
DA:31,1
DA:32,1
DA:33,0
DA:34,0
DA:36,0
DA:38,1
DA:39,1
DA:42,2
DA:48,1
DA:49,1
DA:50,1
DA:57,0
DA:58,0
DA:59,0
DA:60,0
DA:61,0
DA:63,0
DA:64,0
DA:65,0
DA:67,0
DA:69,0
DA:71,0
DA:72,0
DA:80,0
DA:81,0
DA:82,0
DA:83,0
DA:84,0
DA:85,0
DA:87,0
DA:90,0
DA:92,0
DA:93,0
DA:94,0
DA:96,0
DA:97,0
DA:105,2
DA:106,2
DA:107,2
DA:108,2
DA:110,1
DA:112,1
DA:114,2
DA:115,2
DA:123,3
DA:124,3
DA:125,3
DA:126,3
DA:127,1
DA:128,1
DA:129,1
DA:131,2
DA:132,2
DA:133,2
DA:135,1
DA:138,1
DA:140,2
DA:141,2
DA:149,0
DA:150,0
DA:151,0
DA:152,0
DA:153,0
DA:154,0
DA:155,0
DA:157,0
DA:158,0
DA:160,0
DA:163,0
DA:165,0
LF:82
LH:41
BRDA:31,0,0,1
BRDA:31,0,1,0
BRDA:33,1,0,0
BRDA:33,1,1,0
BRDA:38,2,0,1
BRDA:38,2,1,0
BRDA:59,3,0,0
BRDA:59,3,1,0
BRDA:83,4,0,0
BRDA:83,4,1,0
BRDA:88,5,0,0
BRDA:88,5,1,0
BRDA:88,6,0,0
BRDA:88,6,1,0
BRDA:88,7,0,0
BRDA:88,7,1,0
BRDA:88,8,0,0
BRDA:88,8,1,0
BRDA:88,9,0,0
BRDA:88,9,1,0
BRDA:88,10,0,0
BRDA:88,10,1,0
BRDA:126,11,0,1
BRDA:126,11,1,2
BRDA:152,12,0,0
BRDA:152,12,1,0
BRF:26
BRH:4
end_of_record
TN:
SF:/home/blueworrybear/projects/covergates/web/src/store/modules/repository/index.ts
FN:21,(anonymous_0)
FN:31,(anonymous_1)
FNF:2
FNH:2
FNDA:4,(anonymous_0)
FNDA:4,(anonymous_1)
DA:2,4
DA:11,4
DA:21,4
DA:22,4
DA:23,4
DA:24,4
DA:25,4
DA:26,4
DA:27,4
DA:28,4
DA:31,4
DA:32,4
DA:33,4
DA:34,4
DA:35,4
DA:36,4
DA:37,4
DA:49,4
DA:83,4
LF:19
LH:19
BRDA:21,0,0,4
BRDA:21,0,1,4
BRDA:31,1,0,4
BRDA:31,1,1,4
BRF:4
BRH:4
end_of_record
TN:
SF:/home/blueworrybear/projects/covergates/web/src/store/modules/repository/mutations.ts
FN:3,startLoading
FN:7,stopLoading
FN:11,updateList
FN:16,setCurrent
FN:20,setError
FN:28,setSetting
FN:32,setOwner
FNF:7
FNH:0
FNDA:0,startLoading
FNDA:0,stopLoading
FNDA:0,updateList
FNDA:0,setCurrent
FNDA:0,setError
FNDA:0,setSetting
FNDA:0,setOwner
DA:4,0
DA:8,0
DA:12,0
DA:13,0
DA:17,0
DA:21,0
DA:22,0
DA:24,0
DA:29,0
DA:33,0
LF:10
LH:0
BRDA:21,0,0,0
BRDA:21,0,1,0
BRF:2
BRH:0
end_of_record
TN:
SF:/home/blueworrybear/projects/covergates/web/src/store/modules/user/actions.ts
FN:7,fetchUser
FN:8,(anonymous_1)
FN:10,(anonymous_2)
FN:12,(anonymous_3)
FN:18,(anonymous_4)
FN:24,fetchSCM
FN:25,(anonymous_6)
FN:28,(anonymous_7)
FN:30,(anonymous_8)
FN:32,(anonymous_9)
FNF:10
FNH:4
FNDA:0,fetchUser
FNDA:0,(anonymous_1)
FNDA:0,(anonymous_2)
FNDA:0,(anonymous_3)
FNDA:0,(anonymous_4)
FNDA:1,fetchSCM
FNDA:1,(anonymous_6)
FNDA:1,(anonymous_7)
FNDA:0,(anonymous_8)
FNDA:1,(anonymous_9)
DA:2,4
DA:3,4
DA:5,4
DA:8,0
DA:9,0
DA:10,0
DA:11,0
DA:13,0
DA:14,0
DA:16,0
DA:19,0
DA:25,1
DA:26,1
DA:27,1
DA:28,1
DA:29,1
DA:31,0
DA:33,1
DA:34,1
LF:19
LH:10
BRDA:13,0,0,0
BRDA:13,0,1,0
BRDA:13,1,0,0
BRDA:13,1,1,0
BRF:4
BRH:0
end_of_record
TN:
SF:/home/blueworrybear/projects/covergates/web/src/store/modules/user/index.ts
FN:16,(anonymous_0)
FN:21,(anonymous_1)
FNF:2
FNH:2
FNDA:4,(anonymous_0)
FNDA:4,(anonymous_1)
DA:2,4
DA:6,4
DA:16,4
DA:17,4
DA:18,4
DA:21,4
DA:22,4
DA:23,4
DA:24,4
DA:25,4
DA:26,4
DA:27,4
DA:36,4
DA:63,4
LF:14
LH:14
BRDA:16,0,0,4
BRDA:16,0,1,4
BRDA:21,1,0,4
BRDA:21,1,1,4
BRF:4
BRH:4
end_of_record
TN:
SF:/home/blueworrybear/projects/covergates/web/src/store/modules/user/mutations.ts
FN:4,UpdateUser
FN:8,updateSCM
FN:12,startLoading
FN:16,stopLoading
FN:20,SetError
FN:24,ClearError
FNF:6
FNH:1
FNDA:1,UpdateUser
FNDA:0,updateSCM
FNDA:0,startLoading
FNDA:0,stopLoading
FNDA:0,SetError
FNDA:0,ClearError
DA:5,1
DA:9,0
DA:13,0
DA:17,0
DA:21,0
DA:25,0
LF:6
LH:1
BRF:0
BRH:0
end_of_record
