TN:
SF:/home/blueworrybear/projects/test/googletest/googletest/include/gtest/gtest-message.h
FN:91,_ZN7testing7MessageD2Ev
FNDA:106,_ZN7testing7MessageD2Ev
FNF:1
FNH:1
DA:91,106
LF:1
LH:1
end_of_record
SF:/home/blueworrybear/projects/test/googletest/googletest/include/gtest/gtest-printers.h
FN:227,_ZN7testing8internal13StreamPrinter10PrintValueIivEEvRKT_PSo
FN:307,_ZN7testing8internal17PrintWithFallbackIiEEvRKT_PSo
FN:333,_ZN7testing8internal19FormatForComparisonIiiE6FormatB5cxx11ERKi
FN:413,_ZN7testing8internal33FormatForComparisonFailureMessageIiiEENSt7__cxx1112basic_stringIcSt11char_traitsIcESaIcEEERKT_RKT0_
FN:440,_ZN7testing8internal7PrintToIiEEvRKT_PSo
FN:628,_ZN7testing8internal16UniversalPrinterIiE5PrintERKiPSo
FN:792,_ZN7testing8internal21UniversalTersePrinterIiE5PrintERKiPSo
FN:861,_ZN7testing8internal14UniversalPrintIiEEvRKT_PSo
FN:901,_ZN7testing13PrintToStringIiEENSt7__cxx1112basic_stringIcSt11char_traitsIcESaIcEEERKT_
FNDA:0,_ZN7testing8internal13StreamPrinter10PrintValueIivEEvRKT_PSo
FNDA:0,_ZN7testing8internal17PrintWithFallbackIiEEvRKT_PSo
FNDA:0,_ZN7testing8internal19FormatForComparisonIiiE6FormatB5cxx11ERKi
FNDA:0,_ZN7testing8internal33FormatForComparisonFailureMessageIiiEENSt7__cxx1112basic_stringIcSt11char_traitsIcESaIcEEERKT_RKT0_
FNDA:0,_ZN7testing8internal7PrintToIiEEvRKT_PSo
FNDA:0,_ZN7testing8internal16UniversalPrinterIiE5PrintERKiPSo
FNDA:0,_ZN7testing8internal21UniversalTersePrinterIiE5PrintERKiPSo
FNDA:0,_ZN7testing8internal14UniversalPrintIiEEvRKT_PSo
FNDA:0,_ZN7testing13PrintToStringIiEENSt7__cxx1112basic_stringIcSt11char_traitsIcESaIcEEERKT_
FNF:9
FNH:0
DA:227,0
DA:228,0
DA:229,0
DA:307,0
DA:312,0
DA:313,0
DA:333,0
DA:334,0
DA:413,0
DA:415,0
DA:440,0
DA:441,0
DA:442,0
DA:628,0
DA:637,0
DA:638,0
DA:792,0
DA:793,0
DA:794,0
DA:861,0
DA:865,0
DA:866,0
DA:901,0
DA:902,0
DA:903,0
DA:904,0
LF:26
LH:0
end_of_record
SF:/home/blueworrybear/projects/test/googletest/googletest/include/gtest/gtest.h
FN:283,_ZN7testing15AssertionResultD2Ev
FN:324,_ZNK7testing15AssertionResultcvbEv
FN:333,_ZNK7testing15AssertionResult7messageEv
FN:337,_ZNK7testing15AssertionResult15failure_messageEv
FN:427,_ZN7testing4Test14SetUpTestSuiteEv
FN:435,_ZN7testing4Test17TearDownTestSuiteEv
FN:439,_ZN7testing4Test16TearDownTestCaseEv
FN:440,_ZN7testing4Test13SetUpTestCaseEv
FN:521,_ZN7testing4Test5SetupEv
FN:1521,_ZN7testing8internal18CmpHelperEQFailureIiiEENS_15AssertionResultEPKcS4_RKT_RKT0_
FN:1540,_ZN7testing8internal11CmpHelperEQIiiEENS_15AssertionResultEPKcS4_RKT_RKT0_
FN:1568,_ZN7testing8internal8EqHelper7CompareIiiLPv0EEENS_15AssertionResultEPKcS6_RKT_RKT0_
FN:2484,_Z13RUN_ALL_TESTSv
FNDA:6,_ZN7testing15AssertionResultD2Ev
FNDA:6,_ZNK7testing15AssertionResultcvbEv
FNDA:0,_ZNK7testing15AssertionResult7messageEv
FNDA:0,_ZNK7testing15AssertionResult15failure_messageEv
FNDA:0,_ZN7testing4Test14SetUpTestSuiteEv
FNDA:0,_ZN7testing4Test17TearDownTestSuiteEv
FNDA:0,_ZN7testing4Test16TearDownTestCaseEv
FNDA:0,_ZN7testing4Test13SetUpTestCaseEv
FNDA:0,_ZN7testing4Test5SetupEv
FNDA:0,_ZN7testing8internal18CmpHelperEQFailureIiiEENS_15AssertionResultEPKcS4_RKT_RKT0_
FNDA:6,_ZN7testing8internal11CmpHelperEQIiiEENS_15AssertionResultEPKcS4_RKT_RKT0_
FNDA:6,_ZN7testing8internal8EqHelper7CompareIiiLPv0EEENS_15AssertionResultEPKcS6_RKT_RKT0_
FNDA:2,_Z13RUN_ALL_TESTSv
FNF:13
FNH:5
DA:283,6
DA:324,6
DA:333,0
DA:334,0
DA:337,0
DA:427,0
DA:435,0
DA:439,0
DA:440,0
DA:521,0
DA:1521,0
DA:1528,0
DA:1540,6
DA:1544,6
DA:1545,6
DA:1548,0
DA:1568,6
DA:1571,6
DA:2484,2
DA:2485,2
LF:20
LH:9
end_of_record
SF:/home/blueworrybear/projects/test/googletest/googletest/include/gtest/internal/gtest-internal.h
FN:454,_ZN7testing8internal15TestFactoryBaseD0Ev
FN:454,_ZN7testing8internal15TestFactoryBaseD2Ev
FN:461,_ZN7testing8internal15TestFactoryBaseC2Ev
FN:470,_ZN7testing8internal15TestFactoryImplI27GreaterTest_CisGreater_TestED0Ev
FN:470,_ZN7testing8internal15TestFactoryImplI27GreaterTest_AisGreater_TestED2Ev
FN:470,_ZN7testing8internal15TestFactoryImplI27GreaterTest_CisGreater_TestEC2Ev
FN:470,_ZN7testing8internal15TestFactoryImplI27GreaterTest_BisGreater_TestED2Ev
FN:470,_ZN7testing8internal15TestFactoryImplI27GreaterTest_AisGreater_TestED0Ev
FN:470,_ZN7testing8internal15TestFactoryImplI27GreaterTest_AisGreater_TestEC2Ev
FN:470,_ZN7testing8internal15TestFactoryImplI27GreaterTest_CisGreater_TestED2Ev
FN:470,_ZN7testing8internal15TestFactoryImplI27GreaterTest_BisGreater_TestEC2Ev
FN:470,_ZN7testing8internal15TestFactoryImplI27GreaterTest_BisGreater_TestED0Ev
FN:472,_ZN7testing8internal15TestFactoryImplI27GreaterTest_AisGreater_TestE10CreateTestEv
FN:472,_ZN7testing8internal15TestFactoryImplI27GreaterTest_BisGreater_TestE10CreateTestEv
FN:472,_ZN7testing8internal15TestFactoryImplI27GreaterTest_CisGreater_TestE10CreateTestEv
FN:492,_ZN7testing8internal12CodeLocationD2Ev
FN:493,_ZN7testing8internal12CodeLocationC2ERKNSt7__cxx1112basic_stringIcSt11char_traitsIcESaIcEEEi
FN:506,_ZN7testing8internal19GetNotDefaultOrNullEPFvvES2_
FN:521,_ZN7testing8internal16SuiteApiResolverINS_4TestEE19GetSetUpCaseOrSuiteEPKci
FN:542,_ZN7testing8internal16SuiteApiResolverINS_4TestEE22GetTearDownCaseOrSuiteEPKci
FNDA:0,_ZN7testing8internal15TestFactoryBaseD0Ev
FNDA:6,_ZN7testing8internal15TestFactoryBaseD2Ev
FNDA:6,_ZN7testing8internal15TestFactoryBaseC2Ev
FNDA:2,_ZN7testing8internal15TestFactoryImplI27GreaterTest_AisGreater_TestED0Ev
FNDA:2,_ZN7testing8internal15TestFactoryImplI27GreaterTest_AisGreater_TestED2Ev
FNDA:2,_ZN7testing8internal15TestFactoryImplI27GreaterTest_BisGreater_TestED0Ev
FNDA:2,_ZN7testing8internal15TestFactoryImplI27GreaterTest_BisGreater_TestED2Ev
FNDA:2,_ZN7testing8internal15TestFactoryImplI27GreaterTest_CisGreater_TestED0Ev
FNDA:2,_ZN7testing8internal15TestFactoryImplI27GreaterTest_CisGreater_TestED2Ev
FNDA:2,_ZN7testing8internal15TestFactoryImplI27GreaterTest_CisGreater_TestEC2Ev
FNDA:2,_ZN7testing8internal15TestFactoryImplI27GreaterTest_BisGreater_TestEC2Ev
FNDA:2,_ZN7testing8internal15TestFactoryImplI27GreaterTest_AisGreater_TestEC2Ev
FNDA:2,_ZN7testing8internal15TestFactoryImplI27GreaterTest_AisGreater_TestE10CreateTestEv
FNDA:2,_ZN7testing8internal15TestFactoryImplI27GreaterTest_BisGreater_TestE10CreateTestEv
FNDA:2,_ZN7testing8internal15TestFactoryImplI27GreaterTest_CisGreater_TestE10CreateTestEv
FNDA:18,_ZN7testing8internal12CodeLocationD2Ev
FNDA:6,_ZN7testing8internal12CodeLocationC2ERKNSt7__cxx1112basic_stringIcSt11char_traitsIcESaIcEEEi
FNDA:24,_ZN7testing8internal19GetNotDefaultOrNullEPFvvES2_
FNDA:6,_ZN7testing8internal16SuiteApiResolverINS_4TestEE19GetSetUpCaseOrSuiteEPKci
FNDA:6,_ZN7testing8internal16SuiteApiResolverINS_4TestEE22GetTearDownCaseOrSuiteEPKci
FNF:20
FNH:19
DA:454,6
DA:461,6
DA:470,18
DA:472,6
DA:492,18
DA:493,6
DA:494,6
DA:506,24
DA:508,24
DA:521,6
DA:524,6
DA:526,6
DA:529,6
DA:532,0
DA:534,6
DA:542,6
DA:545,6
DA:547,6
DA:550,6
DA:553,0
DA:555,6
LF:21
LH:19
end_of_record
SF:/home/blueworrybear/projects/test/googletest/googletest/include/gtest/internal/gtest-port.h
FN:970,_ZN7testing8internal8GTestLog9GetStreamEv
FNDA:0,_ZN7testing8internal8GTestLog9GetStreamEv
FNF:1
FNH:0
DA:970,0
LF:1
LH:0
end_of_record
SF:/usr/include/c++/7/bits/ios_base.h
FN:129,_ZStorSt13_Ios_OpenmodeS_
FNDA:106,_ZStorSt13_Ios_OpenmodeS_
FNF:1
FNH:1
DA:129,106
DA:130,106
LF:2
LH:2
end_of_record
SF:/usr/include/c++/7/bits/unique_ptr.h
FN:72,_ZNKSt14default_deleteINSt7__cxx1112basic_stringIcSt11char_traitsIcESaIcEEEEclEPS5_
FN:72,_ZNKSt14default_deleteINSt7__cxx1118basic_stringstreamIcSt11char_traitsIcESaIcEEEEclEPS5_
FN:146,_ZNSt15__uniq_ptr_implINSt7__cxx1112basic_stringIcSt11char_traitsIcESaIcEEESt14default_deleteIS5_EE6_M_ptrEv
FN:146,_ZNSt15__uniq_ptr_implINSt7__cxx1118basic_stringstreamIcSt11char_traitsIcESaIcEEESt14default_deleteIS5_EE6_M_ptrEv
FN:147,_ZNKSt15__uniq_ptr_implINSt7__cxx1112basic_stringIcSt11char_traitsIcESaIcEEESt14default_deleteIS5_EE6_M_ptrEv
FN:148,_ZNSt15__uniq_ptr_implINSt7__cxx1118basic_stringstreamIcSt11char_traitsIcESaIcEEESt14default_deleteIS5_EE10_M_deleterEv
FN:148,_ZNSt15__uniq_ptr_implINSt7__cxx1112basic_stringIcSt11char_traitsIcESaIcEEESt14default_deleteIS5_EE10_M_deleterEv
FN:259,_ZNSt10unique_ptrINSt7__cxx1118basic_stringstreamIcSt11char_traitsIcESaIcEEESt14default_deleteIS5_EED2Ev
FN:259,_ZNSt10unique_ptrINSt7__cxx1112basic_stringIcSt11char_traitsIcESaIcEEESt14default_deleteIS5_EED2Ev
FN:323,_ZNKSt10unique_ptrINSt7__cxx1112basic_stringIcSt11char_traitsIcESaIcEEESt14default_deleteIS5_EEptEv
FN:331,_ZNKSt10unique_ptrINSt7__cxx1112basic_stringIcSt11char_traitsIcESaIcEEESt14default_deleteIS5_EE3getEv
FN:336,_ZNSt10unique_ptrINSt7__cxx1118basic_stringstreamIcSt11char_traitsIcESaIcEEESt14default_deleteIS5_EE11get_deleterEv
FN:336,_ZNSt10unique_ptrINSt7__cxx1112basic_stringIcSt11char_traitsIcESaIcEEESt14default_deleteIS5_EE11get_deleterEv
FNDA:0,_ZNKSt14default_deleteINSt7__cxx1112basic_stringIcSt11char_traitsIcESaIcEEEEclEPS5_
FNDA:106,_ZNKSt14default_deleteINSt7__cxx1118basic_stringstreamIcSt11char_traitsIcESaIcEEEEclEPS5_
FNDA:6,_ZNSt15__uniq_ptr_implINSt7__cxx1112basic_stringIcSt11char_traitsIcESaIcEEESt14default_deleteIS5_EE6_M_ptrEv
FNDA:212,_ZNSt15__uniq_ptr_implINSt7__cxx1118basic_stringstreamIcSt11char_traitsIcESaIcEEESt14default_deleteIS5_EE6_M_ptrEv
FNDA:0,_ZNKSt15__uniq_ptr_implINSt7__cxx1112basic_stringIcSt11char_traitsIcESaIcEEESt14default_deleteIS5_EE6_M_ptrEv
FNDA:0,_ZNSt15__uniq_ptr_implINSt7__cxx1112basic_stringIcSt11char_traitsIcESaIcEEESt14default_deleteIS5_EE10_M_deleterEv
FNDA:106,_ZNSt15__uniq_ptr_implINSt7__cxx1118basic_stringstreamIcSt11char_traitsIcESaIcEEESt14default_deleteIS5_EE10_M_deleterEv
FNDA:6,_ZNSt10unique_ptrINSt7__cxx1112basic_stringIcSt11char_traitsIcESaIcEEESt14default_deleteIS5_EED2Ev
FNDA:106,_ZNSt10unique_ptrINSt7__cxx1118basic_stringstreamIcSt11char_traitsIcESaIcEEESt14default_deleteIS5_EED2Ev
FNDA:0,_ZNKSt10unique_ptrINSt7__cxx1112basic_stringIcSt11char_traitsIcESaIcEEESt14default_deleteIS5_EEptEv
FNDA:0,_ZNKSt10unique_ptrINSt7__cxx1112basic_stringIcSt11char_traitsIcESaIcEEESt14default_deleteIS5_EE3getEv
FNDA:0,_ZNSt10unique_ptrINSt7__cxx1112basic_stringIcSt11char_traitsIcESaIcEEESt14default_deleteIS5_EE11get_deleterEv
FNDA:106,_ZNSt10unique_ptrINSt7__cxx1118basic_stringstreamIcSt11char_traitsIcESaIcEEESt14default_deleteIS5_EE11get_deleterEv
FNF:13
FNH:7
DA:72,106
DA:78,106
DA:79,106
DA:146,218
DA:147,0
DA:148,106
DA:259,112
DA:261,112
DA:262,112
DA:263,106
DA:264,112
DA:265,112
DA:323,0
DA:326,0
DA:331,0
DA:332,0
DA:336,106
DA:337,106
LF:18
LH:13
end_of_record
SF:/usr/include/c++/7/iostream
DA:74,2
LF:1
LH:1
end_of_record
SF:/usr/include/c++/7/tuple
FN:113,_ZNSt10_Head_baseILm1ESt14default_deleteINSt7__cxx1112basic_stringIcSt11char_traitsIcESaIcEEEELb1EE7_M_headERS8_
FN:113,_ZNSt10_Head_baseILm1ESt14default_deleteINSt7__cxx1118basic_stringstreamIcSt11char_traitsIcESaIcEEEELb1EE7_M_headERS8_
FN:160,_ZNSt10_Head_baseILm0EPNSt7__cxx1112basic_stringIcSt11char_traitsIcESaIcEEELb0EE7_M_headERS7_
FN:160,_ZNSt10_Head_baseILm0EPNSt7__cxx1118basic_stringstreamIcSt11char_traitsIcESaIcEEELb0EE7_M_headERS7_
FN:163,_ZNSt10_Head_baseILm0EPNSt7__cxx1112basic_stringIcSt11char_traitsIcESaIcEEELb0EE7_M_headERKS7_
FN:195,_ZNSt11_Tuple_implILm0EJPNSt7__cxx1118basic_stringstreamIcSt11char_traitsIcESaIcEEESt14default_deleteIS5_EEE7_M_headERS9_
FN:195,_ZNSt11_Tuple_implILm0EJPNSt7__cxx1112basic_stringIcSt11char_traitsIcESaIcEEESt14default_deleteIS5_EEE7_M_headERS9_
FN:198,_ZNSt11_Tuple_implILm0EJPNSt7__cxx1112basic_stringIcSt11char_traitsIcESaIcEEESt14default_deleteIS5_EEE7_M_headERKS9_
FN:351,_ZNSt11_Tuple_implILm1EJSt14default_deleteINSt7__cxx1112basic_stringIcSt11char_traitsIcESaIcEEEEEE7_M_headERS8_
FN:351,_ZNSt11_Tuple_implILm1EJSt14default_deleteINSt7__cxx1118basic_stringstreamIcSt11char_traitsIcESaIcEEEEEE7_M_headERS8_
FN:1303,_ZSt12__get_helperILm0EPNSt7__cxx1118basic_stringstreamIcSt11char_traitsIcESaIcEEEJSt14default_deleteIS5_EEERT0_RSt11_Tuple_implIXT_EJS9_DpT1_EE
FN:1303,_ZSt12__get_helperILm1ESt14default_deleteINSt7__cxx1118basic_stringstreamIcSt11char_traitsIcESaIcEEEEJEERT0_RSt11_Tuple_implIXT_EJS8_DpT1_EE
FN:1303,_ZSt12__get_helperILm0EPNSt7__cxx1112basic_stringIcSt11char_traitsIcESaIcEEEJSt14default_deleteIS5_EEERT0_RSt11_Tuple_implIXT_EJS9_DpT1_EE
FN:1303,_ZSt12__get_helperILm1ESt14default_deleteINSt7__cxx1112basic_stringIcSt11char_traitsIcESaIcEEEEJEERT0_RSt11_Tuple_implIXT_EJS8_DpT1_EE
FN:1308,_ZSt12__get_helperILm0EPNSt7__cxx1112basic_stringIcSt11char_traitsIcESaIcEEEJSt14default_deleteIS5_EEERKT0_RKSt11_Tuple_implIXT_EJS9_DpT1_EE
FN:1314,_ZSt3getILm1EJPNSt7__cxx1118basic_stringstreamIcSt11char_traitsIcESaIcEEESt14default_deleteIS5_EEERNSt13tuple_elementIXT_ESt5tupleIJDpT0_EEE4typeERSD_
FN:1314,_ZSt3getILm0EJPNSt7__cxx1118basic_stringstreamIcSt11char_traitsIcESaIcEEESt14default_deleteIS5_EEERNSt13tuple_elementIXT_ESt5tupleIJDpT0_EEE4typeERSD_
FN:1314,_ZSt3getILm0EJPNSt7__cxx1112basic_stringIcSt11char_traitsIcESaIcEEESt14default_deleteIS5_EEERNSt13tuple_elementIXT_ESt5tupleIJDpT0_EEE4typeERSD_
FN:1314,_ZSt3getILm1EJPNSt7__cxx1112basic_stringIcSt11char_traitsIcESaIcEEESt14default_deleteIS5_EEERNSt13tuple_elementIXT_ESt5tupleIJDpT0_EEE4typeERSD_
FN:1320,_ZSt3getILm0EJPNSt7__cxx1112basic_stringIcSt11char_traitsIcESaIcEEESt14default_deleteIS5_EEERKNSt13tuple_elementIXT_ESt5tupleIJDpT0_EEE4typeERKSD_
FNDA:0,_ZNSt10_Head_baseILm1ESt14default_deleteINSt7__cxx1112basic_stringIcSt11char_traitsIcESaIcEEEELb1EE7_M_headERS8_
FNDA:106,_ZNSt10_Head_baseILm1ESt14default_deleteINSt7__cxx1118basic_stringstreamIcSt11char_traitsIcESaIcEEEELb1EE7_M_headERS8_
FNDA:6,_ZNSt10_Head_baseILm0EPNSt7__cxx1112basic_stringIcSt11char_traitsIcESaIcEEELb0EE7_M_headERS7_
FNDA:212,_ZNSt10_Head_baseILm0EPNSt7__cxx1118basic_stringstreamIcSt11char_traitsIcESaIcEEELb0EE7_M_headERS7_
FNDA:0,_ZNSt10_Head_baseILm0EPNSt7__cxx1112basic_stringIcSt11char_traitsIcESaIcEEELb0EE7_M_headERKS7_
FNDA:6,_ZNSt11_Tuple_implILm0EJPNSt7__cxx1112basic_stringIcSt11char_traitsIcESaIcEEESt14default_deleteIS5_EEE7_M_headERS9_
FNDA:212,_ZNSt11_Tuple_implILm0EJPNSt7__cxx1118basic_stringstreamIcSt11char_traitsIcESaIcEEESt14default_deleteIS5_EEE7_M_headERS9_
FNDA:0,_ZNSt11_Tuple_implILm0EJPNSt7__cxx1112basic_stringIcSt11char_traitsIcESaIcEEESt14default_deleteIS5_EEE7_M_headERKS9_
FNDA:0,_ZNSt11_Tuple_implILm1EJSt14default_deleteINSt7__cxx1112basic_stringIcSt11char_traitsIcESaIcEEEEEE7_M_headERS8_
FNDA:106,_ZNSt11_Tuple_implILm1EJSt14default_deleteINSt7__cxx1118basic_stringstreamIcSt11char_traitsIcESaIcEEEEEE7_M_headERS8_
FNDA:0,_ZSt12__get_helperILm1ESt14default_deleteINSt7__cxx1112basic_stringIcSt11char_traitsIcESaIcEEEEJEERT0_RSt11_Tuple_implIXT_EJS8_DpT1_EE
FNDA:106,_ZSt12__get_helperILm1ESt14default_deleteINSt7__cxx1118basic_stringstreamIcSt11char_traitsIcESaIcEEEEJEERT0_RSt11_Tuple_implIXT_EJS8_DpT1_EE
FNDA:6,_ZSt12__get_helperILm0EPNSt7__cxx1112basic_stringIcSt11char_traitsIcESaIcEEEJSt14default_deleteIS5_EEERT0_RSt11_Tuple_implIXT_EJS9_DpT1_EE
FNDA:212,_ZSt12__get_helperILm0EPNSt7__cxx1118basic_stringstreamIcSt11char_traitsIcESaIcEEEJSt14default_deleteIS5_EEERT0_RSt11_Tuple_implIXT_EJS9_DpT1_EE
FNDA:0,_ZSt12__get_helperILm0EPNSt7__cxx1112basic_stringIcSt11char_traitsIcESaIcEEEJSt14default_deleteIS5_EEERKT0_RKSt11_Tuple_implIXT_EJS9_DpT1_EE
FNDA:0,_ZSt3getILm1EJPNSt7__cxx1112basic_stringIcSt11char_traitsIcESaIcEEESt14default_deleteIS5_EEERNSt13tuple_elementIXT_ESt5tupleIJDpT0_EEE4typeERSD_
FNDA:106,_ZSt3getILm1EJPNSt7__cxx1118basic_stringstreamIcSt11char_traitsIcESaIcEEESt14default_deleteIS5_EEERNSt13tuple_elementIXT_ESt5tupleIJDpT0_EEE4typeERSD_
FNDA:6,_ZSt3getILm0EJPNSt7__cxx1112basic_stringIcSt11char_traitsIcESaIcEEESt14default_deleteIS5_EEERNSt13tuple_elementIXT_ESt5tupleIJDpT0_EEE4typeERSD_
FNDA:212,_ZSt3getILm0EJPNSt7__cxx1118basic_stringstreamIcSt11char_traitsIcESaIcEEESt14default_deleteIS5_EEERNSt13tuple_elementIXT_ESt5tupleIJDpT0_EEE4typeERSD_
FNDA:0,_ZSt3getILm0EJPNSt7__cxx1112basic_stringIcSt11char_traitsIcESaIcEEESt14default_deleteIS5_EEERKNSt13tuple_elementIXT_ESt5tupleIJDpT0_EEE4typeERKSD_
FNF:20
FNH:12
DA:113,106
DA:160,218
DA:163,0
DA:195,218
DA:198,0
DA:351,106
DA:1303,324
DA:1304,324
DA:1308,0
DA:1309,0
DA:1314,324
DA:1315,324
DA:1320,0
DA:1321,0
LF:14
LH:8
end_of_record
SF:/home/blueworrybear/projects/test/googletest/mytest/main.cpp
FN:3,_Z15GreatestOfThreeiii
FNDA:6,_Z15GreatestOfThreeiii
FNF:1
FNH:1
DA:3,6
DA:4,6
DA:5,2
DA:7,4
DA:8,2
DA:11,2
LF:6
LH:6
end_of_record
SF:/home/blueworrybear/projects/test/googletest/mytest/main_test.cpp
FN:3,_ZN27GreaterTest_AisGreater_TestD0Ev
FN:3,_ZN27GreaterTest_AisGreater_TestD2Ev
FN:3,_ZN27GreaterTest_AisGreater_Test8TestBodyEv
FN:3,_ZN27GreaterTest_AisGreater_TestC2Ev
FN:6,_ZN27GreaterTest_BisGreater_Test8TestBodyEv
FN:6,_ZN27GreaterTest_BisGreater_TestC2Ev
FN:6,_ZN27GreaterTest_BisGreater_TestD0Ev
FN:6,_ZN27GreaterTest_BisGreater_TestD2Ev
FN:9,_ZN27GreaterTest_CisGreater_Test8TestBodyEv
FN:9,_ZN27GreaterTest_CisGreater_TestD0Ev
FN:9,_ZN27GreaterTest_CisGreater_TestC2Ev
FN:9,_ZN27GreaterTest_CisGreater_TestD2Ev
FN:12,main
FN:16,_Z41__static_initialization_and_destruction_0ii
FN:16,_GLOBAL__sub_I__Z15GreatestOfThreeiii
FNDA:2,_ZN27GreaterTest_AisGreater_TestC2Ev
FNDA:2,_ZN27GreaterTest_AisGreater_TestD0Ev
FNDA:2,_ZN27GreaterTest_AisGreater_TestD2Ev
FNDA:2,_ZN27GreaterTest_AisGreater_Test8TestBodyEv
FNDA:2,_ZN27GreaterTest_BisGreater_TestC2Ev
FNDA:2,_ZN27GreaterTest_BisGreater_TestD0Ev
FNDA:2,_ZN27GreaterTest_BisGreater_TestD2Ev
FNDA:2,_ZN27GreaterTest_BisGreater_Test8TestBodyEv
FNDA:2,_ZN27GreaterTest_CisGreater_TestC2Ev
FNDA:2,_ZN27GreaterTest_CisGreater_TestD0Ev
FNDA:2,_ZN27GreaterTest_CisGreater_TestD2Ev
FNDA:2,_ZN27GreaterTest_CisGreater_Test8TestBodyEv
FNDA:2,main
FNDA:2,_GLOBAL__sub_I__Z15GreatestOfThreeiii
FNDA:2,_Z41__static_initialization_and_destruction_0ii
FNF:15
FNH:15
DA:3,10
DA:4,2
DA:5,2
DA:6,10
DA:7,2
DA:8,2
DA:9,10
DA:10,2
DA:11,2
DA:12,2
DA:14,2
DA:15,2
DA:16,6
LF:13
LH:13
end_of_record
